ERROR - 2025-07-20 22:33:29 --> mysqli_sql_exception: Table 'examen.conductor_escuela' doesn't exist in C:\laragon\www\examen\system\Database\MySQLi\Connection.php:327
Stack trace:
#0 C:\laragon\www\examen\system\Database\MySQLi\Connection.php(327): mysqli->query('SELECT `escuela...', 0)
#1 C:\laragon\www\examen\system\Database\BaseConnection.php(738): CodeIgniter\Database\MySQLi\Connection->execute('SELECT `escuela...')
#2 C:\laragon\www\examen\system\Database\BaseConnection.php(652): CodeIgniter\Database\BaseConnection->simpleQuery('SELECT `escuela...')
#3 C:\laragon\www\examen\system\Database\BaseBuilder.php(1649): CodeIgniter\Database\BaseConnection->query('SELECT `escuela...', Array, false)
#4 C:\laragon\www\examen\system\Model.php(286): CodeIgniter\Database\BaseBuilder->get()
#5 C:\laragon\www\examen\system\BaseModel.php(675): CodeIgniter\Model->doFindAll(0, 0)
#6 C:\laragon\www\examen\app\Models\ConductorEscuelaModel.php(81): CodeIgniter\BaseModel->findAll()
#7 C:\laragon\www\examen\app\Models\ConductorModel.php(107): App\Models\ConductorEscuelaModel->getEscuelasConductor('3')
#8 C:\laragon\www\examen\app\Controllers\Conductores.php(31): App\Models\ConductorModel->getEscuelas('3')
#9 C:\laragon\www\examen\system\CodeIgniter.php(933): App\Controllers\Conductores->index()
#10 C:\laragon\www\examen\system\CodeIgniter.php(507): CodeIgniter\CodeIgniter->runController(Object(App\Controllers\Conductores))
#11 C:\laragon\www\examen\system\CodeIgniter.php(354): CodeIgniter\CodeIgniter->handleRequest(NULL, Object(Config\Cache), false)
#12 C:\laragon\www\examen\system\Boot.php(334): CodeIgniter\CodeIgniter->run()
#13 C:\laragon\www\examen\system\Boot.php(67): CodeIgniter\Boot::runCodeIgniter(Object(CodeIgniter\CodeIgniter))
#14 C:\laragon\www\examen\public\index.php(59): CodeIgniter\Boot::bootWeb(Object(Config\Paths))
#15 {main}
ERROR - 2025-07-20 22:33:34 --> mysqli_sql_exception: Table 'examen.conductor_escuela' doesn't exist in C:\laragon\www\examen\system\Database\MySQLi\Connection.php:327
Stack trace:
#0 C:\laragon\www\examen\system\Database\MySQLi\Connection.php(327): mysqli->query('SELECT `escuela...', 0)
#1 C:\laragon\www\examen\system\Database\BaseConnection.php(738): CodeIgniter\Database\MySQLi\Connection->execute('SELECT `escuela...')
#2 C:\laragon\www\examen\system\Database\BaseConnection.php(652): CodeIgniter\Database\BaseConnection->simpleQuery('SELECT `escuela...')
#3 C:\laragon\www\examen\system\Database\BaseBuilder.php(1649): CodeIgniter\Database\BaseConnection->query('SELECT `escuela...', Array, false)
#4 C:\laragon\www\examen\system\Model.php(286): CodeIgniter\Database\BaseBuilder->get()
#5 C:\laragon\www\examen\system\BaseModel.php(675): CodeIgniter\Model->doFindAll(0, 0)
#6 C:\laragon\www\examen\app\Models\ConductorEscuelaModel.php(81): CodeIgniter\BaseModel->findAll()
#7 C:\laragon\www\examen\app\Models\ConductorModel.php(107): App\Models\ConductorEscuelaModel->getEscuelasConductor('3')
#8 C:\laragon\www\examen\app\Controllers\Conductores.php(31): App\Models\ConductorModel->getEscuelas('3')
#9 C:\laragon\www\examen\system\CodeIgniter.php(933): App\Controllers\Conductores->index()
#10 C:\laragon\www\examen\system\CodeIgniter.php(507): CodeIgniter\CodeIgniter->runController(Object(App\Controllers\Conductores))
#11 C:\laragon\www\examen\system\CodeIgniter.php(354): CodeIgniter\CodeIgniter->handleRequest(NULL, Object(Config\Cache), false)
#12 C:\laragon\www\examen\system\Boot.php(334): CodeIgniter\CodeIgniter->run()
#13 C:\laragon\www\examen\system\Boot.php(67): CodeIgniter\Boot::runCodeIgniter(Object(CodeIgniter\CodeIgniter))
#14 C:\laragon\www\examen\public\index.php(59): CodeIgniter\Boot::bootWeb(Object(Config\Paths))
#15 {main}
