ERROR - 2025-07-23 13:39:51 --> mysqli_sql_exception: Can't DROP 'conductores_escuela_id_foreign'; check that column/key exists in C:\laragon\www\examen\system\Database\MySQLi\Connection.php:327
Stack trace:
#0 C:\laragon\www\examen\system\Database\MySQLi\Connection.php(327): mysqli->query('ALTER TABLE `co...', 0)
#1 C:\laragon\www\examen\system\Database\BaseConnection.php(738): CodeIgniter\Database\MySQLi\Connection->execute('ALTER TABLE `co...')
#2 C:\laragon\www\examen\system\Database\BaseConnection.php(652): CodeIgniter\Database\BaseConnection->simpleQuery('ALTER TABLE `co...')
#3 C:\laragon\www\examen\system\Database\Forge.php(539): CodeIgniter\Database\BaseConnection->query('ALTER TABLE `co...')
#4 C:\laragon\www\examen\app\Database\Migrations\2024-04-21-000013_UpdateConductoresEscuelaId.php(31): CodeIgniter\Database\Forge->dropForeignKey('conductores', 'conductores_esc...')
#5 C:\laragon\www\examen\system\Database\MigrationRunner.php(866): App\Database\Migrations\UpdateConductoresEscuelaId->down()
#6 C:\laragon\www\examen\system\Database\MigrationRunner.php(289): CodeIgniter\Database\MigrationRunner->migrate('down', Object(stdClass))
#7 C:\laragon\www\examen\system\Commands\Database\MigrateRollback.php(101): CodeIgniter\Database\MigrationRunner->regress(0)
#8 C:\laragon\www\examen\system\CLI\Commands.php(70): CodeIgniter\Commands\Database\MigrateRollback->run(Array)
#9 C:\laragon\www\examen\system\CLI\BaseCommand.php(119): CodeIgniter\CLI\Commands->run('migrate:rollbac...', Array)
#10 C:\laragon\www\examen\system\Commands\Database\MigrateRefresh.php(86): CodeIgniter\CLI\BaseCommand->call('migrate:rollbac...', Array)
#11 C:\laragon\www\examen\system\CLI\Commands.php(70): CodeIgniter\Commands\Database\MigrateRefresh->run(Array)
#12 C:\laragon\www\examen\system\CLI\Console.php(48): CodeIgniter\CLI\Commands->run('migrate:refresh', Array)
#13 C:\laragon\www\examen\system\Boot.php(360): CodeIgniter\CLI\Console->run()
#14 C:\laragon\www\examen\system\Boot.php(104): CodeIgniter\Boot::runCommand(Object(CodeIgniter\CLI\Console))
#15 C:\laragon\www\examen\spark(84): CodeIgniter\Boot::bootSpark(Object(Config\Paths))
#16 {main}
ERROR - 2025-07-23 13:39:52 --> mysqli_sql_exception: Table 'examen_conductor' already exists in C:\laragon\www\examen\system\Database\MySQLi\Connection.php:327
Stack trace:
#0 C:\laragon\www\examen\system\Database\MySQLi\Connection.php(327): mysqli->query('CREATE TABLE `e...', 0)
#1 C:\laragon\www\examen\system\Database\BaseConnection.php(738): CodeIgniter\Database\MySQLi\Connection->execute('CREATE TABLE `e...')
#2 C:\laragon\www\examen\system\Database\BaseConnection.php(652): CodeIgniter\Database\BaseConnection->simpleQuery('CREATE TABLE `e...')
#3 C:\laragon\www\examen\system\Database\Forge.php(570): CodeIgniter\Database\BaseConnection->query('CREATE TABLE `e...')
#4 C:\laragon\www\examen\app\Database\Migrations\2024-04-21-000014_CreateExamenConductorTable.php(74): CodeIgniter\Database\Forge->createTable('examen_conducto...')
#5 C:\laragon\www\examen\system\Database\MigrationRunner.php(866): App\Database\Migrations\CreateExamenConductorTable->up()
#6 C:\laragon\www\examen\system\Database\MigrationRunner.php(182): CodeIgniter\Database\MigrationRunner->migrate('up', Object(stdClass))
#7 C:\laragon\www\examen\system\Commands\Database\Migrate.php(85): CodeIgniter\Database\MigrationRunner->latest(NULL)
#8 C:\laragon\www\examen\system\CLI\Commands.php(70): CodeIgniter\Commands\Database\Migrate->run(Array)
#9 C:\laragon\www\examen\system\CLI\BaseCommand.php(119): CodeIgniter\CLI\Commands->run('migrate', Array)
#10 C:\laragon\www\examen\system\Commands\Database\MigrateRefresh.php(87): CodeIgniter\CLI\BaseCommand->call('migrate', Array)
#11 C:\laragon\www\examen\system\CLI\Commands.php(70): CodeIgniter\Commands\Database\MigrateRefresh->run(Array)
#12 C:\laragon\www\examen\system\CLI\Console.php(48): CodeIgniter\CLI\Commands->run('migrate:refresh', Array)
#13 C:\laragon\www\examen\system\Boot.php(360): CodeIgniter\CLI\Console->run()
#14 C:\laragon\www\examen\system\Boot.php(104): CodeIgniter\Boot::runCommand(Object(CodeIgniter\CLI\Console))
#15 C:\laragon\www\examen\spark(84): CodeIgniter\Boot::bootSpark(Object(Config\Paths))
#16 {main}
ERROR - 2025-07-23 13:40:23 --> mysqli_sql_exception: Unknown column 'usuario_id' in 'conductores' in C:\laragon\www\examen\system\Database\MySQLi\Connection.php:327
Stack trace:
#0 C:\laragon\www\examen\system\Database\MySQLi\Connection.php(327): mysqli->query('ALTER TABLE `co...', 0)
#1 C:\laragon\www\examen\system\Database\BaseConnection.php(738): CodeIgniter\Database\MySQLi\Connection->execute('ALTER TABLE `co...')
#2 C:\laragon\www\examen\system\Database\BaseConnection.php(652): CodeIgniter\Database\BaseConnection->simpleQuery('ALTER TABLE `co...')
#3 C:\laragon\www\examen\system\Database\Forge.php(772): CodeIgniter\Database\BaseConnection->query('ALTER TABLE `co...')
#4 C:\laragon\www\examen\app\Database\Migrations\2024-04-21-000012_UpdateConductoresTable.php(11): CodeIgniter\Database\Forge->addColumn('conductores', Array)
#5 C:\laragon\www\examen\system\Database\MigrationRunner.php(866): App\Database\Migrations\UpdateConductoresTable->up()
#6 C:\laragon\www\examen\system\Database\MigrationRunner.php(182): CodeIgniter\Database\MigrationRunner->migrate('up', Object(stdClass))
#7 C:\laragon\www\examen\system\Commands\Database\Migrate.php(85): CodeIgniter\Database\MigrationRunner->latest(NULL)
#8 C:\laragon\www\examen\system\CLI\Commands.php(70): CodeIgniter\Commands\Database\Migrate->run(Array)
#9 C:\laragon\www\examen\system\CLI\Console.php(48): CodeIgniter\CLI\Commands->run('migrate', Array)
#10 C:\laragon\www\examen\system\Boot.php(360): CodeIgniter\CLI\Console->run()
#11 C:\laragon\www\examen\system\Boot.php(104): CodeIgniter\Boot::runCommand(Object(CodeIgniter\CLI\Console))
#12 C:\laragon\www\examen\spark(84): CodeIgniter\Boot::bootSpark(Object(Config\Paths))
#13 {main}
ERROR - 2025-07-23 13:42:21 --> mysqli_sql_exception: Table 'examen_conductor' already exists in C:\laragon\www\examen\system\Database\MySQLi\Connection.php:327
Stack trace:
#0 C:\laragon\www\examen\system\Database\MySQLi\Connection.php(327): mysqli->query('CREATE TABLE `e...', 0)
#1 C:\laragon\www\examen\system\Database\BaseConnection.php(738): CodeIgniter\Database\MySQLi\Connection->execute('CREATE TABLE `e...')
#2 C:\laragon\www\examen\system\Database\BaseConnection.php(652): CodeIgniter\Database\BaseConnection->simpleQuery('CREATE TABLE `e...')
#3 C:\laragon\www\examen\system\Database\Forge.php(570): CodeIgniter\Database\BaseConnection->query('CREATE TABLE `e...')
#4 C:\laragon\www\examen\app\Database\Migrations\2024-04-21-000014_CreateExamenConductorTable.php(74): CodeIgniter\Database\Forge->createTable('examen_conducto...')
#5 C:\laragon\www\examen\system\Database\MigrationRunner.php(866): App\Database\Migrations\CreateExamenConductorTable->up()
#6 C:\laragon\www\examen\system\Database\MigrationRunner.php(182): CodeIgniter\Database\MigrationRunner->migrate('up', Object(stdClass))
#7 C:\laragon\www\examen\system\Commands\Database\Migrate.php(85): CodeIgniter\Database\MigrationRunner->latest(NULL)
#8 C:\laragon\www\examen\system\CLI\Commands.php(70): CodeIgniter\Commands\Database\Migrate->run(Array)
#9 C:\laragon\www\examen\system\CLI\Console.php(48): CodeIgniter\CLI\Commands->run('migrate', Array)
#10 C:\laragon\www\examen\system\Boot.php(360): CodeIgniter\CLI\Console->run()
#11 C:\laragon\www\examen\system\Boot.php(104): CodeIgniter\Boot::runCommand(Object(CodeIgniter\CLI\Console))
#12 C:\laragon\www\examen\spark(84): CodeIgniter\Boot::bootSpark(Object(Config\Paths))
#13 {main}
DEBUG - 2025-07-23 14:02:29 --> ID del conductor a actualizar: 1
DEBUG - 2025-07-23 14:02:29 --> Datos a validar: {"nombre":"Maria Elena","apellido":"Garcia Lopez","dni":"87654321","email":"maria@ejemplo.com","telefono":"123456789","direccion":"Calle 456","fecha_nacimiento":"1985-05-15"}
DEBUG - 2025-07-23 14:02:29 --> Reglas de validación: {"nombre":{"rules":"required|min_length[3]|max_length[50]","errors":{"required":"El nombre es obligatorio","min_length":"El nombre debe tener al menos 3 caracteres","max_length":"El nombre no puede exceder los 50 caracteres"}},"dni":{"rules":"required|min_length[8]|max_length[20]|is_unique[conductores.dni,conductor_id,1]","errors":{"required":"El DNI es obligatorio","min_length":"El DNI debe tener al menos 8 caracteres","max_length":"El DNI no puede exceder los 20 caracteres","is_unique":"Ya existe otro conductor registrado con este DNI"}},"email":{"rules":"permit_empty|valid_email|max_length[100]|is_unique[conductores.email,conductor_id,1]","errors":{"valid_email":"El formato del email no es v\u00e1lido","max_length":"El email no puede exceder los 100 caracteres","is_unique":"Ya existe otro conductor registrado con este email"}}}
DEBUG - 2025-07-23 14:08:24 --> ID del conductor a actualizar: 1
DEBUG - 2025-07-23 14:08:24 --> Datos a validar: {"nombre":"Maria Elena","apellido":"Garcia Lopez","dni":"87654321","email":"maria@ejemplo.com","telefono":"123456789","direccion":"Calle 456","fecha_nacimiento":"1985-05-15"}
DEBUG - 2025-07-23 14:08:24 --> Reglas de validación: {"nombre":{"rules":"required|min_length[3]|max_length[50]","errors":{"required":"El nombre es obligatorio","min_length":"El nombre debe tener al menos 3 caracteres","max_length":"El nombre no puede exceder los 50 caracteres"}},"dni":{"rules":"required|min_length[8]|max_length[20]|is_unique[conductores.dni,conductor_id,1]","errors":{"required":"El DNI es obligatorio","min_length":"El DNI debe tener al menos 8 caracteres","max_length":"El DNI no puede exceder los 20 caracteres","is_unique":"Ya existe otro conductor registrado con este DNI"}},"email":{"rules":"permit_empty|valid_email|max_length[100]|is_unique[conductores.email,conductor_id,1]","errors":{"valid_email":"El formato del email no es v\u00e1lido","max_length":"El email no puede exceder los 100 caracteres","is_unique":"Ya existe otro conductor registrado con este email"}}}
DEBUG - 2025-07-23 14:21:19 --> ID del conductor a actualizar: 1
DEBUG - 2025-07-23 14:21:19 --> Datos a validar: {"nombre":"Maria Elena","apellido":"Garcia Lopez","dni":"87654321","email":"maria@ejemplo.com","telefono":"123456789","direccion":"Calle 456","fecha_nacimiento":"1985-05-15","estado_registro":"aprobado"}
DEBUG - 2025-07-23 14:21:19 --> Reglas de validación: {"nombre":{"rules":"required|min_length[3]|max_length[50]","errors":{"required":"El nombre es obligatorio","min_length":"El nombre debe tener al menos 3 caracteres","max_length":"El nombre no puede exceder los 50 caracteres"}},"dni":{"rules":"required|min_length[8]|max_length[20]|is_unique[conductores.dni,conductor_id,1]","errors":{"required":"El DNI es obligatorio","min_length":"El DNI debe tener al menos 8 caracteres","max_length":"El DNI no puede exceder los 20 caracteres","is_unique":"Ya existe otro conductor registrado con este DNI"}},"email":{"rules":"permit_empty|valid_email|max_length[100]|is_unique[conductores.email,conductor_id,1]","errors":{"valid_email":"El formato del email no es v\u00e1lido","max_length":"El email no puede exceder los 100 caracteres","is_unique":"Ya existe otro conductor registrado con este email"}},"estado_registro":{"rules":"required|in_list[pendiente,aprobado,rechazado]","errors":{"required":"El estado de registro es obligatorio","in_list":"El estado debe ser: pendiente, aprobado o rechazado"}}}
CRITICAL - 2025-07-23 14:22:03 --> ErrorException: Cannot redeclare App\Models\ConductorModel::$validationRules
[Method: PUT, Route: api/conductores/1]
in APPPATH\Models\ConductorModel.php on line 67.
 1 [internal function]: CodeIgniter\Debug\Exceptions->shutdownHandler()
DEBUG - 2025-07-23 14:22:39 --> ID del conductor a actualizar: 1
DEBUG - 2025-07-23 14:22:39 --> Datos a validar: {"nombre":"Maria Elena","apellido":"Garcia Lopez","dni":"87654321","email":"maria@ejemplo.com","telefono":"123456789","direccion":"Calle 456","fecha_nacimiento":"1985-05-15","estado_registro":"aprobado"}
DEBUG - 2025-07-23 14:22:39 --> Reglas de validación: {"nombre":{"rules":"required|min_length[3]|max_length[50]","errors":{"required":"El nombre es obligatorio","min_length":"El nombre debe tener al menos 3 caracteres","max_length":"El nombre no puede exceder los 50 caracteres"}},"dni":{"rules":"required|min_length[8]|max_length[20]|is_unique[conductores.dni,conductor_id,1]","errors":{"required":"El DNI es obligatorio","min_length":"El DNI debe tener al menos 8 caracteres","max_length":"El DNI no puede exceder los 20 caracteres","is_unique":"Ya existe otro conductor registrado con este DNI"}},"email":{"rules":"permit_empty|valid_email|max_length[100]|is_unique[conductores.email,conductor_id,1]","errors":{"valid_email":"El formato del email no es v\u00e1lido","max_length":"El email no puede exceder los 100 caracteres","is_unique":"Ya existe otro conductor registrado con este email"}},"estado_registro":{"rules":"required|in_list[pendiente,aprobado,rechazado]","errors":{"required":"El estado de registro es obligatorio","in_list":"El estado debe ser: pendiente, aprobado o rechazado"}}}
DEBUG - 2025-07-23 14:26:36 --> ID del conductor a actualizar: 1
DEBUG - 2025-07-23 14:26:36 --> Datos a validar: {"nombre":"Maria Elena","apellido":"Garcia Lopez","dni":"87654321","email":"maria@ejemplo.com","telefono":"123456789","direccion":"Calle 456","fecha_nacimiento":"1985-05-15","estado_registro":"aprobado"}
DEBUG - 2025-07-23 14:26:36 --> Reglas de validación: {"nombre":{"rules":"required|min_length[3]|max_length[50]","errors":{"required":"El nombre es obligatorio","min_length":"El nombre debe tener al menos 3 caracteres","max_length":"El nombre no puede exceder los 50 caracteres"}},"dni":{"rules":"required|min_length[8]|max_length[20]|is_unique[conductores.dni,conductor_id,1]","errors":{"required":"El DNI es obligatorio","min_length":"El DNI debe tener al menos 8 caracteres","max_length":"El DNI no puede exceder los 20 caracteres","is_unique":"Ya existe otro conductor registrado con este DNI"}},"email":{"rules":"permit_empty|valid_email|max_length[100]|is_unique[conductores.email,conductor_id,1]","errors":{"valid_email":"El formato del email no es v\u00e1lido","max_length":"El email no puede exceder los 100 caracteres","is_unique":"Ya existe otro conductor registrado con este email"}},"estado_registro":{"rules":"required|in_list[pendiente,aprobado,rechazado]","errors":{"required":"El estado de registro es obligatorio","in_list":"El estado debe ser: pendiente, aprobado o rechazado"}}}
DEBUG - 2025-07-23 14:39:45 --> ID del conductor a actualizar: 3
DEBUG - 2025-07-23 14:39:45 --> Datos a validar: {"nombre":"Manolo","apellido":"Gonzalez","dni":"26348654","email":"a@a.com","telefono":"+542304351044","direccion":"Las Brisas Countri Clun\n436","fecha_nacimiento":"2016-10-10","estado_registro":"rechazado"}
DEBUG - 2025-07-23 14:39:45 --> Reglas de validación: {"nombre":{"rules":"required|min_length[3]|max_length[50]","errors":{"required":"El nombre es obligatorio","min_length":"El nombre debe tener al menos 3 caracteres","max_length":"El nombre no puede exceder los 50 caracteres"}},"dni":{"rules":"required|min_length[8]|max_length[20]|is_unique[conductores.dni,conductor_id,3]","errors":{"required":"El DNI es obligatorio","min_length":"El DNI debe tener al menos 8 caracteres","max_length":"El DNI no puede exceder los 20 caracteres","is_unique":"Ya existe otro conductor registrado con este DNI"}},"email":{"rules":"permit_empty|valid_email|max_length[100]|is_unique[conductores.email,conductor_id,3]","errors":{"valid_email":"El formato del email no es v\u00e1lido","max_length":"El email no puede exceder los 100 caracteres","is_unique":"Ya existe otro conductor registrado con este email"}},"estado_registro":{"rules":"required|in_list[pendiente,aprobado,rechazado]","errors":{"required":"El estado de registro es obligatorio","in_list":"El estado debe ser: pendiente, aprobado o rechazado"}}}
DEBUG - 2025-07-23 15:43:34 --> Raw input: {"nombre":"Oficina de Tr\u00e1nsito Central","direccion":"Av. Principal 123","telefono":"123456789","email":"central@transito.com"}
DEBUG - 2025-07-23 15:43:34 --> JSON decoded: {"nombre":"Oficina de Tr\u00e1nsito Central","direccion":"Av. Principal 123","telefono":"123456789","email":"central@transito.com"}
DEBUG - 2025-07-23 16:47:19 --> Raw input: {"nombre":"Oficina Muni Sanfer","direccion":"av. Cazon 34499","telefono":"112304351043","email":"sulroca@gmail.com","estado":"activo"}
DEBUG - 2025-07-23 16:47:19 --> JSON decoded: {"nombre":"Oficina Muni Sanfer","direccion":"av. Cazon 34499","telefono":"112304351043","email":"sulroca@gmail.com","estado":"activo"}
INFO - 2025-07-23 17:07:33 --> JSON recibido en create categoría: {"codigo":"TEST1","nombre":"Categor\u00eda de Prueba","descripcion":"Esta es una categor\u00eda de prueba para verificar el endpoint","requisitos":"[\"Edad m\u00ednima: 18 a\u00f1os\", \"Licencia previa: B\"]","estado":"activo"}
ERROR - 2025-07-23 17:07:36 --> mysqli_sql_exception: Unknown column 'codigo' in 'where clause' in C:\laragon\www\examen\system\Database\MySQLi\Connection.php:327
Stack trace:
#0 C:\laragon\www\examen\system\Database\MySQLi\Connection.php(327): mysqli->query('SELECT 1\nFROM `...', 0)
#1 C:\laragon\www\examen\system\Database\BaseConnection.php(738): CodeIgniter\Database\MySQLi\Connection->execute('SELECT 1\nFROM `...')
#2 C:\laragon\www\examen\system\Database\BaseConnection.php(652): CodeIgniter\Database\BaseConnection->simpleQuery('SELECT 1\nFROM `...')
#3 C:\laragon\www\examen\system\Database\BaseBuilder.php(1649): CodeIgniter\Database\BaseConnection->query('SELECT 1\nFROM `...', Array, false)
#4 C:\laragon\www\examen\system\Validation\Rules.php(175): CodeIgniter\Database\BaseBuilder->get()
#5 C:\laragon\www\examen\system\Validation\StrictRules\Rules.php(187): CodeIgniter\Validation\Rules->is_unique('TEST1', 'categorias.codi...', Array)
#6 C:\laragon\www\examen\system\Validation\Validation.php(337): CodeIgniter\Validation\StrictRules\Rules->is_unique('TEST1', 'categorias.codi...', Array, NULL, 'codigo')
#7 C:\laragon\www\examen\system\Validation\Validation.php(202): CodeIgniter\Validation\Validation->processRules('codigo', 'codigo', 'TEST1', Array, Array, 'codigo')
#8 C:\laragon\www\examen\system\Controller.php(138): CodeIgniter\Validation\Validation->run()
#9 C:\laragon\www\examen\app\Controllers\CategoriaController.php(80): CodeIgniter\Controller->validate(Array)
#10 C:\laragon\www\examen\system\CodeIgniter.php(933): App\Controllers\CategoriaController->create()
#11 C:\laragon\www\examen\system\CodeIgniter.php(507): CodeIgniter\CodeIgniter->runController(Object(App\Controllers\CategoriaController))
#12 C:\laragon\www\examen\system\CodeIgniter.php(354): CodeIgniter\CodeIgniter->handleRequest(NULL, Object(Config\Cache), false)
#13 C:\laragon\www\examen\system\Boot.php(334): CodeIgniter\CodeIgniter->run()
#14 C:\laragon\www\examen\system\Boot.php(67): CodeIgniter\Boot::runCodeIgniter(Object(CodeIgniter\CodeIgniter))
#15 C:\laragon\www\examen\public\index.php(59): CodeIgniter\Boot::bootWeb(Object(Config\Paths))
#16 {main}
CRITICAL - 2025-07-23 17:07:36 --> CodeIgniter\Database\Exceptions\DatabaseException: Unknown column 'codigo' in 'where clause'
[Method: POST, Route: api/categorias]
in SYSTEMPATH\Database\BaseConnection.php on line 692.
 1 SYSTEMPATH\Database\BaseBuilder.php(1649): CodeIgniter\Database\BaseConnection->query('SELECT 1
FROM `categorias`
WHERE `codigo` = :codigo:
 LIMIT 1', [...], false)
 2 SYSTEMPATH\Validation\Rules.php(175): CodeIgniter\Database\BaseBuilder->get()
 3 SYSTEMPATH\Validation\StrictRules\Rules.php(187): CodeIgniter\Validation\Rules->is_unique('TEST1', 'categorias.codigo', [...])
 4 SYSTEMPATH\Validation\Validation.php(337): CodeIgniter\Validation\StrictRules\Rules->is_unique('TEST1', 'categorias.codigo', [...], null, 'codigo')
 5 SYSTEMPATH\Validation\Validation.php(202): CodeIgniter\Validation\Validation->processRules('codigo', 'codigo', 'TEST1', [...], [...], 'codigo')
 6 SYSTEMPATH\Controller.php(138): CodeIgniter\Validation\Validation->run()
 7 APPPATH\Controllers\CategoriaController.php(80): CodeIgniter\Controller->validate([...])
 8 SYSTEMPATH\CodeIgniter.php(933): App\Controllers\CategoriaController->create()
 9 SYSTEMPATH\CodeIgniter.php(507): CodeIgniter\CodeIgniter->runController(Object(App\Controllers\CategoriaController))
10 SYSTEMPATH\CodeIgniter.php(354): CodeIgniter\CodeIgniter->handleRequest(null, Object(Config\Cache), false)
11 SYSTEMPATH\Boot.php(334): CodeIgniter\CodeIgniter->run()
12 SYSTEMPATH\Boot.php(67): CodeIgniter\Boot::runCodeIgniter(Object(CodeIgniter\CodeIgniter))
13 FCPATH\index.php(59): CodeIgniter\Boot::bootWeb(Object(Config\Paths))
CRITICAL - 2025-07-23 17:07:36 --> [Caused by] CodeIgniter\Database\Exceptions\DatabaseException: Unknown column 'codigo' in 'where clause'
in SYSTEMPATH\Database\MySQLi\Connection.php on line 332.
 1 SYSTEMPATH\Database\BaseConnection.php(738): CodeIgniter\Database\MySQLi\Connection->execute('SELECT 1
FROM `categorias`
WHERE `codigo` = \'TEST1\'
 LIMIT 1')
 2 SYSTEMPATH\Database\BaseConnection.php(652): CodeIgniter\Database\BaseConnection->simpleQuery('SELECT 1
FROM `categorias`
WHERE `codigo` = \'TEST1\'
 LIMIT 1')
 3 SYSTEMPATH\Database\BaseBuilder.php(1649): CodeIgniter\Database\BaseConnection->query('SELECT 1
FROM `categorias`
WHERE `codigo` = :codigo:
 LIMIT 1', [...], false)
 4 SYSTEMPATH\Validation\Rules.php(175): CodeIgniter\Database\BaseBuilder->get()
 5 SYSTEMPATH\Validation\StrictRules\Rules.php(187): CodeIgniter\Validation\Rules->is_unique('TEST1', 'categorias.codigo', [...])
 6 SYSTEMPATH\Validation\Validation.php(337): CodeIgniter\Validation\StrictRules\Rules->is_unique('TEST1', 'categorias.codigo', [...], null, 'codigo')
 7 SYSTEMPATH\Validation\Validation.php(202): CodeIgniter\Validation\Validation->processRules('codigo', 'codigo', 'TEST1', [...], [...], 'codigo')
 8 SYSTEMPATH\Controller.php(138): CodeIgniter\Validation\Validation->run()
 9 APPPATH\Controllers\CategoriaController.php(80): CodeIgniter\Controller->validate([...])
10 SYSTEMPATH\CodeIgniter.php(933): App\Controllers\CategoriaController->create()
11 SYSTEMPATH\CodeIgniter.php(507): CodeIgniter\CodeIgniter->runController(Object(App\Controllers\CategoriaController))
12 SYSTEMPATH\CodeIgniter.php(354): CodeIgniter\CodeIgniter->handleRequest(null, Object(Config\Cache), false)
13 SYSTEMPATH\Boot.php(334): CodeIgniter\CodeIgniter->run()
14 SYSTEMPATH\Boot.php(67): CodeIgniter\Boot::runCodeIgniter(Object(CodeIgniter\CodeIgniter))
15 FCPATH\index.php(59): CodeIgniter\Boot::bootWeb(Object(Config\Paths))
CRITICAL - 2025-07-23 17:07:36 --> [Caused by] mysqli_sql_exception: Unknown column 'codigo' in 'where clause'
in SYSTEMPATH\Database\MySQLi\Connection.php on line 327.
 1 SYSTEMPATH\Database\MySQLi\Connection.php(327): mysqli->query('SELECT 1
FROM `categorias`
WHERE `codigo` = \'TEST1\'
 LIMIT 1', 0)
 2 SYSTEMPATH\Database\BaseConnection.php(738): CodeIgniter\Database\MySQLi\Connection->execute('SELECT 1
FROM `categorias`
WHERE `codigo` = \'TEST1\'
 LIMIT 1')
 3 SYSTEMPATH\Database\BaseConnection.php(652): CodeIgniter\Database\BaseConnection->simpleQuery('SELECT 1
FROM `categorias`
WHERE `codigo` = \'TEST1\'
 LIMIT 1')
 4 SYSTEMPATH\Database\BaseBuilder.php(1649): CodeIgniter\Database\BaseConnection->query('SELECT 1
FROM `categorias`
WHERE `codigo` = :codigo:
 LIMIT 1', [...], false)
 5 SYSTEMPATH\Validation\Rules.php(175): CodeIgniter\Database\BaseBuilder->get()
 6 SYSTEMPATH\Validation\StrictRules\Rules.php(187): CodeIgniter\Validation\Rules->is_unique('TEST1', 'categorias.codigo', [...])
 7 SYSTEMPATH\Validation\Validation.php(337): CodeIgniter\Validation\StrictRules\Rules->is_unique('TEST1', 'categorias.codigo', [...], null, 'codigo')
 8 SYSTEMPATH\Validation\Validation.php(202): CodeIgniter\Validation\Validation->processRules('codigo', 'codigo', 'TEST1', [...], [...], 'codigo')
 9 SYSTEMPATH\Controller.php(138): CodeIgniter\Validation\Validation->run()
10 APPPATH\Controllers\CategoriaController.php(80): CodeIgniter\Controller->validate([...])
11 SYSTEMPATH\CodeIgniter.php(933): App\Controllers\CategoriaController->create()
12 SYSTEMPATH\CodeIgniter.php(507): CodeIgniter\CodeIgniter->runController(Object(App\Controllers\CategoriaController))
13 SYSTEMPATH\CodeIgniter.php(354): CodeIgniter\CodeIgniter->handleRequest(null, Object(Config\Cache), false)
14 SYSTEMPATH\Boot.php(334): CodeIgniter\CodeIgniter->run()
15 SYSTEMPATH\Boot.php(67): CodeIgniter\Boot::runCodeIgniter(Object(CodeIgniter\CodeIgniter))
16 FCPATH\index.php(59): CodeIgniter\Boot::bootWeb(Object(Config\Paths))
ERROR - 2025-07-23 17:37:24 --> mysqli_sql_exception: Table 'examen_conductor' already exists in C:\laragon\www\examen\system\Database\MySQLi\Connection.php:327
Stack trace:
#0 C:\laragon\www\examen\system\Database\MySQLi\Connection.php(327): mysqli->query('CREATE TABLE `e...', 0)
#1 C:\laragon\www\examen\system\Database\BaseConnection.php(738): CodeIgniter\Database\MySQLi\Connection->execute('CREATE TABLE `e...')
#2 C:\laragon\www\examen\system\Database\BaseConnection.php(652): CodeIgniter\Database\BaseConnection->simpleQuery('CREATE TABLE `e...')
#3 C:\laragon\www\examen\system\Database\Forge.php(570): CodeIgniter\Database\BaseConnection->query('CREATE TABLE `e...')
#4 C:\laragon\www\examen\app\Database\Migrations\2024-04-21-000014_CreateExamenConductorTable.php(74): CodeIgniter\Database\Forge->createTable('examen_conducto...')
#5 C:\laragon\www\examen\system\Database\MigrationRunner.php(866): App\Database\Migrations\CreateExamenConductorTable->up()
#6 C:\laragon\www\examen\system\Database\MigrationRunner.php(182): CodeIgniter\Database\MigrationRunner->migrate('up', Object(stdClass))
#7 C:\laragon\www\examen\system\Commands\Database\Migrate.php(85): CodeIgniter\Database\MigrationRunner->latest(NULL)
#8 C:\laragon\www\examen\system\CLI\Commands.php(70): CodeIgniter\Commands\Database\Migrate->run(Array)
#9 C:\laragon\www\examen\system\CLI\Console.php(48): CodeIgniter\CLI\Commands->run('migrate', Array)
#10 C:\laragon\www\examen\system\Boot.php(360): CodeIgniter\CLI\Console->run()
#11 C:\laragon\www\examen\system\Boot.php(104): CodeIgniter\Boot::runCommand(Object(CodeIgniter\CLI\Console))
#12 C:\laragon\www\examen\spark(84): CodeIgniter\Boot::bootSpark(Object(Config\Paths))
#13 {main}
ERROR - 2025-07-23 17:37:42 --> mysqli_sql_exception: Table 'examen_conductor' already exists in C:\laragon\www\examen\system\Database\MySQLi\Connection.php:327
Stack trace:
#0 C:\laragon\www\examen\system\Database\MySQLi\Connection.php(327): mysqli->query('CREATE TABLE `e...', 0)
#1 C:\laragon\www\examen\system\Database\BaseConnection.php(738): CodeIgniter\Database\MySQLi\Connection->execute('CREATE TABLE `e...')
#2 C:\laragon\www\examen\system\Database\BaseConnection.php(652): CodeIgniter\Database\BaseConnection->simpleQuery('CREATE TABLE `e...')
#3 C:\laragon\www\examen\system\Database\Forge.php(570): CodeIgniter\Database\BaseConnection->query('CREATE TABLE `e...')
#4 C:\laragon\www\examen\app\Database\Migrations\2024-04-21-000014_CreateExamenConductorTable.php(74): CodeIgniter\Database\Forge->createTable('examen_conducto...')
#5 C:\laragon\www\examen\system\Database\MigrationRunner.php(866): App\Database\Migrations\CreateExamenConductorTable->up()
#6 C:\laragon\www\examen\system\Database\MigrationRunner.php(182): CodeIgniter\Database\MigrationRunner->migrate('up', Object(stdClass))
#7 C:\laragon\www\examen\system\Commands\Database\Migrate.php(85): CodeIgniter\Database\MigrationRunner->latest(NULL)
#8 C:\laragon\www\examen\system\CLI\Commands.php(70): CodeIgniter\Commands\Database\Migrate->run(Array)
#9 C:\laragon\www\examen\system\CLI\Console.php(48): CodeIgniter\CLI\Commands->run('migrate', Array)
#10 C:\laragon\www\examen\system\Boot.php(360): CodeIgniter\CLI\Console->run()
#11 C:\laragon\www\examen\system\Boot.php(104): CodeIgniter\Boot::runCommand(Object(CodeIgniter\CLI\Console))
#12 C:\laragon\www\examen\spark(84): CodeIgniter\Boot::bootSpark(Object(Config\Paths))
#13 {main}
INFO - 2025-07-23 17:43:48 --> JSON recibido en create categoría: {"codigo":"TEST1","nombre":"Categor\u00eda de Prueba","descripcion":"Esta es una categor\u00eda de prueba para verificar el endpoint","requisitos":"[\"Edad m\u00ednima: 18 a\u00f1os\", \"Licencia previa: B\"]","estado":"activo"}
INFO - 2025-07-23 17:58:11 --> JSON recibido en create categoría: {"codigo":"TEST1","nombre":"Categor\u00eda de Prueba","descripcion":"Esta es una categor\u00eda de prueba para verificar el endpoint","requisitos":"[\"Edad m\u00ednima: 18 a\u00f1os\", \"Licencia previa: B\"]","estado":"activo"}
