ERROR - 2025-08-04 12:50:32 --> Error connecting to the database: mysqli_sql_exception: No se puede establecer una conexión ya que el equipo de destino denegó expresamente dicha conexión in C:\laragon\www\examen\system\Database\MySQLi\Connection.php:201
Stack trace:
#0 C:\laragon\www\examen\system\Database\MySQLi\Connection.php(201): mysqli->real_connect('localhost', 'root', Object(SensitiveParameterValue), 'examen', 3306, '', 0)
#1 C:\laragon\www\examen\system\Database\BaseConnection.php(421): CodeIgniter\Database\MySQLi\Connection->connect(false)
#2 C:\laragon\www\examen\system\Database\BaseConnection.php(620): CodeIgniter\Database\BaseConnection->initialize()
#3 C:\laragon\www\examen\system\Database\BaseConnection.php(1525): CodeIgniter\Database\BaseConnection->query('SHOW TABLES FRO...')
#4 C:\laragon\www\examen\system\Database\BaseConnection.php(1545): CodeIgniter\Database\BaseConnection->listTables()
#5 C:\laragon\www\examen\system\Database\MigrationRunner.php(758): CodeIgniter\Database\BaseConnection->tableExists('migrations')
#6 C:\laragon\www\examen\system\Database\MigrationRunner.php(162): CodeIgniter\Database\MigrationRunner->ensureTable()
#7 C:\laragon\www\examen\system\Commands\Database\Migrate.php(85): CodeIgniter\Database\MigrationRunner->latest(NULL)
#8 C:\laragon\www\examen\system\CLI\Commands.php(70): CodeIgniter\Commands\Database\Migrate->run(Array)
#9 C:\laragon\www\examen\system\CLI\Console.php(48): CodeIgniter\CLI\Commands->run('migrate', Array)
#10 C:\laragon\www\examen\system\Boot.php(360): CodeIgniter\CLI\Console->run()
#11 C:\laragon\www\examen\system\Boot.php(104): CodeIgniter\Boot::runCommand(Object(CodeIgniter\CLI\Console))
#12 C:\laragon\www\examen\spark(84): CodeIgniter\Boot::bootSpark(Object(Config\Paths))
#13 {main}

Next CodeIgniter\Database\Exceptions\DatabaseException: No se puede establecer una conexión ya que el equipo de destino denegó expresamente dicha conexión in C:\laragon\www\examen\system\Database\MySQLi\Connection.php:246
Stack trace:
#0 C:\laragon\www\examen\system\Database\BaseConnection.php(421): CodeIgniter\Database\MySQLi\Connection->connect(false)
#1 C:\laragon\www\examen\system\Database\BaseConnection.php(620): CodeIgniter\Database\BaseConnection->initialize()
#2 C:\laragon\www\examen\system\Database\BaseConnection.php(1525): CodeIgniter\Database\BaseConnection->query('SHOW TABLES FRO...')
#3 C:\laragon\www\examen\system\Database\BaseConnection.php(1545): CodeIgniter\Database\BaseConnection->listTables()
#4 C:\laragon\www\examen\system\Database\MigrationRunner.php(758): CodeIgniter\Database\BaseConnection->tableExists('migrations')
#5 C:\laragon\www\examen\system\Database\MigrationRunner.php(162): CodeIgniter\Database\MigrationRunner->ensureTable()
#6 C:\laragon\www\examen\system\Commands\Database\Migrate.php(85): CodeIgniter\Database\MigrationRunner->latest(NULL)
#7 C:\laragon\www\examen\system\CLI\Commands.php(70): CodeIgniter\Commands\Database\Migrate->run(Array)
#8 C:\laragon\www\examen\system\CLI\Console.php(48): CodeIgniter\CLI\Commands->run('migrate', Array)
#9 C:\laragon\www\examen\system\Boot.php(360): CodeIgniter\CLI\Console->run()
#10 C:\laragon\www\examen\system\Boot.php(104): CodeIgniter\Boot::runCommand(Object(CodeIgniter\CLI\Console))
#11 C:\laragon\www\examen\spark(84): CodeIgniter\Boot::bootSpark(Object(Config\Paths))
#12 {main}
ERROR - 2025-08-04 12:50:40 --> Error connecting to the database: mysqli_sql_exception: No se puede establecer una conexión ya que el equipo de destino denegó expresamente dicha conexión in C:\laragon\www\examen\system\Database\MySQLi\Connection.php:201
Stack trace:
#0 C:\laragon\www\examen\system\Database\MySQLi\Connection.php(201): mysqli->real_connect('localhost', 'root', Object(SensitiveParameterValue), 'examen', 3306, '', 0)
#1 C:\laragon\www\examen\system\Database\BaseConnection.php(421): CodeIgniter\Database\MySQLi\Connection->connect(false)
#2 C:\laragon\www\examen\system\Database\BaseConnection.php(620): CodeIgniter\Database\BaseConnection->initialize()
#3 C:\laragon\www\examen\system\Database\BaseConnection.php(1525): CodeIgniter\Database\BaseConnection->query('SHOW TABLES FRO...')
#4 C:\laragon\www\examen\system\Database\BaseConnection.php(1545): CodeIgniter\Database\BaseConnection->listTables()
#5 C:\laragon\www\examen\system\Database\MigrationRunner.php(758): CodeIgniter\Database\BaseConnection->tableExists('migrations')
#6 C:\laragon\www\examen\system\Database\MigrationRunner.php(638): CodeIgniter\Database\MigrationRunner->ensureTable()
#7 C:\laragon\www\examen\system\Commands\Database\MigrateStatus.php(115): CodeIgniter\Database\MigrationRunner->getHistory('')
#8 C:\laragon\www\examen\system\CLI\Commands.php(70): CodeIgniter\Commands\Database\MigrateStatus->run(Array)
#9 C:\laragon\www\examen\system\CLI\Console.php(48): CodeIgniter\CLI\Commands->run('migrate:status', Array)
#10 C:\laragon\www\examen\system\Boot.php(360): CodeIgniter\CLI\Console->run()
#11 C:\laragon\www\examen\system\Boot.php(104): CodeIgniter\Boot::runCommand(Object(CodeIgniter\CLI\Console))
#12 C:\laragon\www\examen\spark(84): CodeIgniter\Boot::bootSpark(Object(Config\Paths))
#13 {main}

Next CodeIgniter\Database\Exceptions\DatabaseException: No se puede establecer una conexión ya que el equipo de destino denegó expresamente dicha conexión in C:\laragon\www\examen\system\Database\MySQLi\Connection.php:246
Stack trace:
#0 C:\laragon\www\examen\system\Database\BaseConnection.php(421): CodeIgniter\Database\MySQLi\Connection->connect(false)
#1 C:\laragon\www\examen\system\Database\BaseConnection.php(620): CodeIgniter\Database\BaseConnection->initialize()
#2 C:\laragon\www\examen\system\Database\BaseConnection.php(1525): CodeIgniter\Database\BaseConnection->query('SHOW TABLES FRO...')
#3 C:\laragon\www\examen\system\Database\BaseConnection.php(1545): CodeIgniter\Database\BaseConnection->listTables()
#4 C:\laragon\www\examen\system\Database\MigrationRunner.php(758): CodeIgniter\Database\BaseConnection->tableExists('migrations')
#5 C:\laragon\www\examen\system\Database\MigrationRunner.php(638): CodeIgniter\Database\MigrationRunner->ensureTable()
#6 C:\laragon\www\examen\system\Commands\Database\MigrateStatus.php(115): CodeIgniter\Database\MigrationRunner->getHistory('')
#7 C:\laragon\www\examen\system\CLI\Commands.php(70): CodeIgniter\Commands\Database\MigrateStatus->run(Array)
#8 C:\laragon\www\examen\system\CLI\Console.php(48): CodeIgniter\CLI\Commands->run('migrate:status', Array)
#9 C:\laragon\www\examen\system\Boot.php(360): CodeIgniter\CLI\Console->run()
#10 C:\laragon\www\examen\system\Boot.php(104): CodeIgniter\Boot::runCommand(Object(CodeIgniter\CLI\Console))
#11 C:\laragon\www\examen\spark(84): CodeIgniter\Boot::bootSpark(Object(Config\Paths))
#12 {main}
CRITICAL - 2025-08-04 12:50:40 --> CodeIgniter\Database\Exceptions\DatabaseException: Unable to connect to the database.
Main connection [MySQLi]: No se puede establecer una conexión ya que el equipo de destino denegó expresamente dicha conexión
[Method: CLI, Route: migrate:status]
in SYSTEMPATH\Database\BaseConnection.php on line 467.
 1 SYSTEMPATH\Database\BaseConnection.php(620): CodeIgniter\Database\BaseConnection->initialize()
 2 SYSTEMPATH\Database\BaseConnection.php(1525): CodeIgniter\Database\BaseConnection->query('SHOW TABLES FROM `examen`')
 3 SYSTEMPATH\Database\BaseConnection.php(1545): CodeIgniter\Database\BaseConnection->listTables()
 4 SYSTEMPATH\Database\MigrationRunner.php(758): CodeIgniter\Database\BaseConnection->tableExists('migrations')
 5 SYSTEMPATH\Database\MigrationRunner.php(638): CodeIgniter\Database\MigrationRunner->ensureTable()
 6 SYSTEMPATH\Commands\Database\MigrateStatus.php(115): CodeIgniter\Database\MigrationRunner->getHistory('')
 7 SYSTEMPATH\CLI\Commands.php(70): CodeIgniter\Commands\Database\MigrateStatus->run([])
 8 SYSTEMPATH\CLI\Console.php(48): CodeIgniter\CLI\Commands->run('migrate:status', [])
 9 SYSTEMPATH\Boot.php(360): CodeIgniter\CLI\Console->run()
10 SYSTEMPATH\Boot.php(104): CodeIgniter\Boot::runCommand(Object(CodeIgniter\CLI\Console))
11 ROOTPATH\spark(84): CodeIgniter\Boot::bootSpark(Object(Config\Paths))
ERROR - 2025-08-04 12:51:35 --> Error connecting to the database: mysqli_sql_exception: No se puede establecer una conexión ya que el equipo de destino denegó expresamente dicha conexión in C:\laragon\www\examen\system\Database\MySQLi\Connection.php:201
Stack trace:
#0 C:\laragon\www\examen\system\Database\MySQLi\Connection.php(201): mysqli->real_connect('localhost', 'root', Object(SensitiveParameterValue), 'examen', 3306, '', 0)
#1 C:\laragon\www\examen\system\Database\BaseConnection.php(421): CodeIgniter\Database\MySQLi\Connection->connect(false)
#2 C:\laragon\www\examen\system\Database\Database.php(72): CodeIgniter\Database\BaseConnection->initialize()
#3 C:\laragon\www\examen\system\Database\Config.php(111): CodeIgniter\Database\Database->loadForge(Object(CodeIgniter\Database\MySQLi\Connection))
#4 C:\laragon\www\examen\system\Database\Seeder.php(98): CodeIgniter\Database\Config::forge(NULL)
#5 C:\laragon\www\examen\system\Commands\Database\Seed.php(71): CodeIgniter\Database\Seeder->__construct(Object(Config\Database))
#6 C:\laragon\www\examen\system\CLI\Commands.php(70): CodeIgniter\Commands\Database\Seed->run(Array)
#7 C:\laragon\www\examen\system\CLI\Console.php(48): CodeIgniter\CLI\Commands->run('db:seed', Array)
#8 C:\laragon\www\examen\system\Boot.php(360): CodeIgniter\CLI\Console->run()
#9 C:\laragon\www\examen\system\Boot.php(104): CodeIgniter\Boot::runCommand(Object(CodeIgniter\CLI\Console))
#10 C:\laragon\www\examen\spark(84): CodeIgniter\Boot::bootSpark(Object(Config\Paths))
#11 {main}

Next CodeIgniter\Database\Exceptions\DatabaseException: No se puede establecer una conexión ya que el equipo de destino denegó expresamente dicha conexión in C:\laragon\www\examen\system\Database\MySQLi\Connection.php:246
Stack trace:
#0 C:\laragon\www\examen\system\Database\BaseConnection.php(421): CodeIgniter\Database\MySQLi\Connection->connect(false)
#1 C:\laragon\www\examen\system\Database\Database.php(72): CodeIgniter\Database\BaseConnection->initialize()
#2 C:\laragon\www\examen\system\Database\Config.php(111): CodeIgniter\Database\Database->loadForge(Object(CodeIgniter\Database\MySQLi\Connection))
#3 C:\laragon\www\examen\system\Database\Seeder.php(98): CodeIgniter\Database\Config::forge(NULL)
#4 C:\laragon\www\examen\system\Commands\Database\Seed.php(71): CodeIgniter\Database\Seeder->__construct(Object(Config\Database))
#5 C:\laragon\www\examen\system\CLI\Commands.php(70): CodeIgniter\Commands\Database\Seed->run(Array)
#6 C:\laragon\www\examen\system\CLI\Console.php(48): CodeIgniter\CLI\Commands->run('db:seed', Array)
#7 C:\laragon\www\examen\system\Boot.php(360): CodeIgniter\CLI\Console->run()
#8 C:\laragon\www\examen\system\Boot.php(104): CodeIgniter\Boot::runCommand(Object(CodeIgniter\CLI\Console))
#9 C:\laragon\www\examen\spark(84): CodeIgniter\Boot::bootSpark(Object(Config\Paths))
#10 {main}
CRITICAL - 2025-08-04 12:51:35 --> CodeIgniter\Database\Exceptions\DatabaseException: Unable to connect to the database.
Main connection [MySQLi]: No se puede establecer una conexión ya que el equipo de destino denegó expresamente dicha conexión
[Method: CLI, Route: db:seed]
in SYSTEMPATH\Database\BaseConnection.php on line 467.
 1 SYSTEMPATH\Database\Database.php(72): CodeIgniter\Database\BaseConnection->initialize()
 2 SYSTEMPATH\Database\Config.php(111): CodeIgniter\Database\Database->loadForge(Object(CodeIgniter\Database\MySQLi\Connection))
 3 SYSTEMPATH\Database\Seeder.php(98): CodeIgniter\Database\Config::forge(null)
 4 SYSTEMPATH\Commands\Database\Seed.php(71): CodeIgniter\Database\Seeder->__construct(Object(Config\Database))
 5 SYSTEMPATH\CLI\Commands.php(70): CodeIgniter\Commands\Database\Seed->run([])
 6 SYSTEMPATH\CLI\Console.php(48): CodeIgniter\CLI\Commands->run('db:seed', [])
 7 SYSTEMPATH\Boot.php(360): CodeIgniter\CLI\Console->run()
 8 SYSTEMPATH\Boot.php(104): CodeIgniter\Boot::runCommand(Object(CodeIgniter\CLI\Console))
 9 ROOTPATH\spark(84): CodeIgniter\Boot::bootSpark(Object(Config\Paths))
ERROR - 2025-08-04 12:52:08 --> mysqli_sql_exception: Table 'examen_conductor' already exists in C:\laragon\www\examen\system\Database\MySQLi\Connection.php:327
Stack trace:
#0 C:\laragon\www\examen\system\Database\MySQLi\Connection.php(327): mysqli->query('CREATE TABLE `e...', 0)
#1 C:\laragon\www\examen\system\Database\BaseConnection.php(738): CodeIgniter\Database\MySQLi\Connection->execute('CREATE TABLE `e...')
#2 C:\laragon\www\examen\system\Database\BaseConnection.php(652): CodeIgniter\Database\BaseConnection->simpleQuery('CREATE TABLE `e...')
#3 C:\laragon\www\examen\system\Database\Forge.php(570): CodeIgniter\Database\BaseConnection->query('CREATE TABLE `e...')
#4 C:\laragon\www\examen\app\Database\Migrations\2024-04-21-000014_CreateExamenConductorTable.php(74): CodeIgniter\Database\Forge->createTable('examen_conducto...')
#5 C:\laragon\www\examen\system\Database\MigrationRunner.php(866): App\Database\Migrations\CreateExamenConductorTable->up()
#6 C:\laragon\www\examen\system\Database\MigrationRunner.php(182): CodeIgniter\Database\MigrationRunner->migrate('up', Object(stdClass))
#7 C:\laragon\www\examen\system\Commands\Database\Migrate.php(85): CodeIgniter\Database\MigrationRunner->latest(NULL)
#8 C:\laragon\www\examen\system\CLI\Commands.php(70): CodeIgniter\Commands\Database\Migrate->run(Array)
#9 C:\laragon\www\examen\system\CLI\Console.php(48): CodeIgniter\CLI\Commands->run('migrate', Array)
#10 C:\laragon\www\examen\system\Boot.php(360): CodeIgniter\CLI\Console->run()
#11 C:\laragon\www\examen\system\Boot.php(104): CodeIgniter\Boot::runCommand(Object(CodeIgniter\CLI\Console))
#12 C:\laragon\www\examen\spark(84): CodeIgniter\Boot::bootSpark(Object(Config\Paths))
#13 {main}
ERROR - 2025-08-04 12:54:01 --> mysqli_sql_exception: Table 'examen_conductor' already exists in C:\laragon\www\examen\system\Database\MySQLi\Connection.php:327
Stack trace:
#0 C:\laragon\www\examen\system\Database\MySQLi\Connection.php(327): mysqli->query('CREATE TABLE `e...', 0)
#1 C:\laragon\www\examen\system\Database\BaseConnection.php(738): CodeIgniter\Database\MySQLi\Connection->execute('CREATE TABLE `e...')
#2 C:\laragon\www\examen\system\Database\BaseConnection.php(652): CodeIgniter\Database\BaseConnection->simpleQuery('CREATE TABLE `e...')
#3 C:\laragon\www\examen\system\Database\Forge.php(570): CodeIgniter\Database\BaseConnection->query('CREATE TABLE `e...')
#4 C:\laragon\www\examen\app\Database\Migrations\2024-04-21-000014_CreateExamenConductorTable.php(74): CodeIgniter\Database\Forge->createTable('examen_conducto...')
#5 C:\laragon\www\examen\system\Database\MigrationRunner.php(866): App\Database\Migrations\CreateExamenConductorTable->up()
#6 C:\laragon\www\examen\system\Database\MigrationRunner.php(182): CodeIgniter\Database\MigrationRunner->migrate('up', Object(stdClass))
#7 C:\laragon\www\examen\system\Commands\Database\Migrate.php(85): CodeIgniter\Database\MigrationRunner->latest(NULL)
#8 C:\laragon\www\examen\system\CLI\Commands.php(70): CodeIgniter\Commands\Database\Migrate->run(Array)
#9 C:\laragon\www\examen\system\CLI\Console.php(48): CodeIgniter\CLI\Commands->run('migrate', Array)
#10 C:\laragon\www\examen\system\Boot.php(360): CodeIgniter\CLI\Console->run()
#11 C:\laragon\www\examen\system\Boot.php(104): CodeIgniter\Boot::runCommand(Object(CodeIgniter\CLI\Console))
#12 C:\laragon\www\examen\spark(84): CodeIgniter\Boot::bootSpark(Object(Config\Paths))
#13 {main}
ERROR - 2025-08-04 13:00:25 --> mysqli_sql_exception: Table 'resultados' already exists in C:\laragon\www\examen\system\Database\MySQLi\Connection.php:327
Stack trace:
#0 C:\laragon\www\examen\system\Database\MySQLi\Connection.php(327): mysqli->query('CREATE TABLE `r...', 0)
#1 C:\laragon\www\examen\system\Database\BaseConnection.php(738): CodeIgniter\Database\MySQLi\Connection->execute('CREATE TABLE `r...')
#2 C:\laragon\www\examen\system\Database\BaseConnection.php(652): CodeIgniter\Database\BaseConnection->simpleQuery('CREATE TABLE `r...')
#3 C:\laragon\www\examen\system\Database\Forge.php(570): CodeIgniter\Database\BaseConnection->query('CREATE TABLE `r...')
#4 C:\laragon\www\examen\tests\_support\Database\Migrations\2024-04-21-000012_CreateResultadosTable.php(58): CodeIgniter\Database\Forge->createTable('resultados')
#5 C:\laragon\www\examen\system\Database\MigrationRunner.php(866): App\Database\Migrations\CreateResultadosTable->up()
#6 C:\laragon\www\examen\system\Database\MigrationRunner.php(182): CodeIgniter\Database\MigrationRunner->migrate('up', Object(stdClass))
#7 C:\laragon\www\examen\system\Test\DatabaseTestTrait.php(175): CodeIgniter\Database\MigrationRunner->latest('tests')
#8 C:\laragon\www\examen\system\Test\DatabaseTestTrait.php(120): Tests\Controllers\ExamenControllerTest->migrateDatabase()
#9 C:\laragon\www\examen\system\Test\DatabaseTestTrait.php(60): Tests\Controllers\ExamenControllerTest->setUpMigrate()
#10 C:\laragon\www\examen\system\Test\CIUnitTestCase.php(251): Tests\Controllers\ExamenControllerTest->setUpDatabase()
#11 C:\laragon\www\examen\tests\Controllers\ExamenControllerTest.php(22): CodeIgniter\Test\CIUnitTestCase->setUp()
#12 C:\laragon\www\examen\vendor\phpunit\phpunit\src\Framework\TestCase.php(2437): Tests\Controllers\ExamenControllerTest->setUp()
#13 C:\laragon\www\examen\vendor\phpunit\phpunit\src\Framework\TestCase.php(2340): PHPUnit\Framework\TestCase->invokeHookMethods(Object(PHPUnit\Runner\HookMethodCollection), Object(PHPUnit\Event\DispatchingEmitter), 'beforeTestMetho...', 'beforeTestMetho...', 'beforeTestMetho...')
#14 C:\laragon\www\examen\vendor\phpunit\phpunit\src\Framework\TestCase.php(506): PHPUnit\Framework\TestCase->invokeBeforeTestHookMethods(Array, Object(PHPUnit\Event\DispatchingEmitter))
#15 C:\laragon\www\examen\vendor\phpunit\phpunit\src\Framework\TestRunner\TestRunner.php(87): PHPUnit\Framework\TestCase->runBare()
#16 C:\laragon\www\examen\vendor\phpunit\phpunit\src\Framework\TestCase.php(361): PHPUnit\Framework\TestRunner->run(Object(Tests\Controllers\ExamenControllerTest))
#17 C:\laragon\www\examen\vendor\phpunit\phpunit\src\Framework\TestSuite.php(369): PHPUnit\Framework\TestCase->run()
#18 C:\laragon\www\examen\vendor\phpunit\phpunit\src\TextUI\TestRunner.php(64): PHPUnit\Framework\TestSuite->run()
#19 C:\laragon\www\examen\vendor\phpunit\phpunit\src\TextUI\Application.php(210): PHPUnit\TextUI\TestRunner->run(Object(PHPUnit\TextUI\Configuration\Configuration), Object(PHPUnit\Runner\ResultCache\DefaultResultCache), Object(PHPUnit\Framework\TestSuite))
#20 C:\laragon\www\examen\vendor\phpunit\phpunit\phpunit(104): PHPUnit\TextUI\Application->run(Array)
#21 C:\laragon\www\examen\vendor\bin\phpunit(122): include('C:\\laragon\\www\\...')
#22 {main}
ERROR - 2025-08-04 13:00:52 --> mysqli_sql_exception: Table 'resultados' already exists in C:\laragon\www\examen\system\Database\MySQLi\Connection.php:327
Stack trace:
#0 C:\laragon\www\examen\system\Database\MySQLi\Connection.php(327): mysqli->query('CREATE TABLE `r...', 0)
#1 C:\laragon\www\examen\system\Database\BaseConnection.php(738): CodeIgniter\Database\MySQLi\Connection->execute('CREATE TABLE `r...')
#2 C:\laragon\www\examen\system\Database\BaseConnection.php(652): CodeIgniter\Database\BaseConnection->simpleQuery('CREATE TABLE `r...')
#3 C:\laragon\www\examen\system\Database\Forge.php(570): CodeIgniter\Database\BaseConnection->query('CREATE TABLE `r...')
#4 C:\laragon\www\examen\tests\_support\Database\Migrations\2024-04-21-000012_CreateResultadosTable.php(58): CodeIgniter\Database\Forge->createTable('resultados')
#5 C:\laragon\www\examen\system\Database\MigrationRunner.php(866): App\Database\Migrations\CreateResultadosTable->up()
#6 C:\laragon\www\examen\system\Database\MigrationRunner.php(182): CodeIgniter\Database\MigrationRunner->migrate('up', Object(stdClass))
#7 C:\laragon\www\examen\system\Test\DatabaseTestTrait.php(175): CodeIgniter\Database\MigrationRunner->latest('tests')
#8 C:\laragon\www\examen\system\Test\DatabaseTestTrait.php(120): Tests\Controllers\ExamenControllerTest->migrateDatabase()
#9 C:\laragon\www\examen\system\Test\DatabaseTestTrait.php(60): Tests\Controllers\ExamenControllerTest->setUpMigrate()
#10 C:\laragon\www\examen\system\Test\CIUnitTestCase.php(251): Tests\Controllers\ExamenControllerTest->setUpDatabase()
#11 C:\laragon\www\examen\tests\Controllers\ExamenControllerTest.php(22): CodeIgniter\Test\CIUnitTestCase->setUp()
#12 C:\laragon\www\examen\vendor\phpunit\phpunit\src\Framework\TestCase.php(2437): Tests\Controllers\ExamenControllerTest->setUp()
#13 C:\laragon\www\examen\vendor\phpunit\phpunit\src\Framework\TestCase.php(2340): PHPUnit\Framework\TestCase->invokeHookMethods(Object(PHPUnit\Runner\HookMethodCollection), Object(PHPUnit\Event\DispatchingEmitter), 'beforeTestMetho...', 'beforeTestMetho...', 'beforeTestMetho...')
#14 C:\laragon\www\examen\vendor\phpunit\phpunit\src\Framework\TestCase.php(506): PHPUnit\Framework\TestCase->invokeBeforeTestHookMethods(Array, Object(PHPUnit\Event\DispatchingEmitter))
#15 C:\laragon\www\examen\vendor\phpunit\phpunit\src\Framework\TestRunner\TestRunner.php(87): PHPUnit\Framework\TestCase->runBare()
#16 C:\laragon\www\examen\vendor\phpunit\phpunit\src\Framework\TestCase.php(361): PHPUnit\Framework\TestRunner->run(Object(Tests\Controllers\ExamenControllerTest))
#17 C:\laragon\www\examen\vendor\phpunit\phpunit\src\Framework\TestSuite.php(369): PHPUnit\Framework\TestCase->run()
#18 C:\laragon\www\examen\vendor\phpunit\phpunit\src\TextUI\TestRunner.php(64): PHPUnit\Framework\TestSuite->run()
#19 C:\laragon\www\examen\vendor\phpunit\phpunit\src\TextUI\Application.php(210): PHPUnit\TextUI\TestRunner->run(Object(PHPUnit\TextUI\Configuration\Configuration), Object(PHPUnit\Runner\ResultCache\DefaultResultCache), Object(PHPUnit\Framework\TestSuite))
#20 C:\laragon\www\examen\vendor\phpunit\phpunit\phpunit(104): PHPUnit\TextUI\Application->run(Array)
#21 C:\laragon\www\examen\vendor\bin\phpunit(122): include('C:\\laragon\\www\\...')
#22 {main}
ERROR - 2025-08-04 13:01:16 --> mysqli_sql_exception: Unknown column 'titulo' in 'field list' in C:\laragon\www\examen\system\Database\MySQLi\Connection.php:327
Stack trace:
#0 C:\laragon\www\examen\system\Database\MySQLi\Connection.php(327): mysqli->query('INSERT INTO `ex...', 0)
#1 C:\laragon\www\examen\system\Database\BaseConnection.php(738): CodeIgniter\Database\MySQLi\Connection->execute('INSERT INTO `ex...')
#2 C:\laragon\www\examen\system\Database\BaseConnection.php(652): CodeIgniter\Database\BaseConnection->simpleQuery('INSERT INTO `ex...')
#3 C:\laragon\www\examen\system\Database\BaseBuilder.php(2345): CodeIgniter\Database\BaseConnection->query('INSERT INTO `ex...', Array, false)
#4 C:\laragon\www\examen\system\Model.php(394): CodeIgniter\Database\BaseBuilder->insert()
#5 C:\laragon\www\examen\system\BaseModel.php(839): CodeIgniter\Model->doInsert(Array)
#6 C:\laragon\www\examen\system\Model.php(800): CodeIgniter\BaseModel->insert(Array, true)
#7 C:\laragon\www\examen\app\Controllers\ExamenController.php(176): CodeIgniter\Model->insert(Array)
#8 C:\laragon\www\examen\system\Test\ControllerTestTrait.php(166): App\Controllers\ExamenController->create()
#9 C:\laragon\www\examen\tests\Controllers\ExamenControllerTest.php(171): Tests\Controllers\ExamenControllerTest->execute('create')
#10 C:\laragon\www\examen\vendor\phpunit\phpunit\src\Framework\TestCase.php(1656): Tests\Controllers\ExamenControllerTest->testCreate()
#11 C:\laragon\www\examen\vendor\phpunit\phpunit\src\Framework\TestCase.php(514): PHPUnit\Framework\TestCase->runTest()
#12 C:\laragon\www\examen\vendor\phpunit\phpunit\src\Framework\TestRunner\TestRunner.php(87): PHPUnit\Framework\TestCase->runBare()
#13 C:\laragon\www\examen\vendor\phpunit\phpunit\src\Framework\TestCase.php(361): PHPUnit\Framework\TestRunner->run(Object(Tests\Controllers\ExamenControllerTest))
#14 C:\laragon\www\examen\vendor\phpunit\phpunit\src\Framework\TestSuite.php(369): PHPUnit\Framework\TestCase->run()
#15 C:\laragon\www\examen\vendor\phpunit\phpunit\src\TextUI\TestRunner.php(64): PHPUnit\Framework\TestSuite->run()
#16 C:\laragon\www\examen\vendor\phpunit\phpunit\src\TextUI\Application.php(210): PHPUnit\TextUI\TestRunner->run(Object(PHPUnit\TextUI\Configuration\Configuration), Object(PHPUnit\Runner\ResultCache\DefaultResultCache), Object(PHPUnit\Framework\TestSuite))
#17 C:\laragon\www\examen\vendor\phpunit\phpunit\phpunit(104): PHPUnit\TextUI\Application->run(Array)
#18 C:\laragon\www\examen\vendor\bin\phpunit(122): include('C:\\laragon\\www\\...')
#19 {main}
ERROR - 2025-08-04 13:01:38 --> mysqli_sql_exception: Unknown column 'titulo' in 'field list' in C:\laragon\www\examen\system\Database\MySQLi\Connection.php:327
Stack trace:
#0 C:\laragon\www\examen\system\Database\MySQLi\Connection.php(327): mysqli->query('INSERT INTO `ex...', 0)
#1 C:\laragon\www\examen\system\Database\BaseConnection.php(738): CodeIgniter\Database\MySQLi\Connection->execute('INSERT INTO `ex...')
#2 C:\laragon\www\examen\system\Database\BaseConnection.php(652): CodeIgniter\Database\BaseConnection->simpleQuery('INSERT INTO `ex...')
#3 C:\laragon\www\examen\system\Database\BaseBuilder.php(2345): CodeIgniter\Database\BaseConnection->query('INSERT INTO `ex...', Array, false)
#4 C:\laragon\www\examen\system\Model.php(394): CodeIgniter\Database\BaseBuilder->insert()
#5 C:\laragon\www\examen\system\BaseModel.php(839): CodeIgniter\Model->doInsert(Array)
#6 C:\laragon\www\examen\system\Model.php(800): CodeIgniter\BaseModel->insert(Array, true)
#7 C:\laragon\www\examen\app\Controllers\ExamenController.php(176): CodeIgniter\Model->insert(Array)
#8 C:\laragon\www\examen\system\Test\ControllerTestTrait.php(166): App\Controllers\ExamenController->create()
#9 C:\laragon\www\examen\tests\Controllers\ExamenControllerTest.php(171): Tests\Controllers\ExamenControllerTest->execute('create')
#10 C:\laragon\www\examen\vendor\phpunit\phpunit\src\Framework\TestCase.php(1656): Tests\Controllers\ExamenControllerTest->testCreate()
#11 C:\laragon\www\examen\vendor\phpunit\phpunit\src\Framework\TestCase.php(514): PHPUnit\Framework\TestCase->runTest()
#12 C:\laragon\www\examen\vendor\phpunit\phpunit\src\Framework\TestRunner\TestRunner.php(87): PHPUnit\Framework\TestCase->runBare()
#13 C:\laragon\www\examen\vendor\phpunit\phpunit\src\Framework\TestCase.php(361): PHPUnit\Framework\TestRunner->run(Object(Tests\Controllers\ExamenControllerTest))
#14 C:\laragon\www\examen\vendor\phpunit\phpunit\src\Framework\TestSuite.php(369): PHPUnit\Framework\TestCase->run()
#15 C:\laragon\www\examen\vendor\phpunit\phpunit\src\TextUI\TestRunner.php(64): PHPUnit\Framework\TestSuite->run()
#16 C:\laragon\www\examen\vendor\phpunit\phpunit\src\TextUI\Application.php(210): PHPUnit\TextUI\TestRunner->run(Object(PHPUnit\TextUI\Configuration\Configuration), Object(PHPUnit\Runner\ResultCache\DefaultResultCache), Object(PHPUnit\Framework\TestSuite))
#17 C:\laragon\www\examen\vendor\phpunit\phpunit\phpunit(104): PHPUnit\TextUI\Application->run(Array)
#18 C:\laragon\www\examen\vendor\bin\phpunit(122): include('C:\\laragon\\www\\...')
#19 {main}
ERROR - 2025-08-04 13:02:05 --> mysqli_sql_exception: Table 'resultados' already exists in C:\laragon\www\examen\system\Database\MySQLi\Connection.php:327
Stack trace:
#0 C:\laragon\www\examen\system\Database\MySQLi\Connection.php(327): mysqli->query('CREATE TABLE `r...', 0)
#1 C:\laragon\www\examen\system\Database\BaseConnection.php(738): CodeIgniter\Database\MySQLi\Connection->execute('CREATE TABLE `r...')
#2 C:\laragon\www\examen\system\Database\BaseConnection.php(652): CodeIgniter\Database\BaseConnection->simpleQuery('CREATE TABLE `r...')
#3 C:\laragon\www\examen\system\Database\Forge.php(570): CodeIgniter\Database\BaseConnection->query('CREATE TABLE `r...')
#4 C:\laragon\www\examen\tests\_support\Database\Migrations\2024-04-21-000012_CreateResultadosTable.php(58): CodeIgniter\Database\Forge->createTable('resultados')
#5 C:\laragon\www\examen\system\Database\MigrationRunner.php(866): App\Database\Migrations\CreateResultadosTable->up()
#6 C:\laragon\www\examen\system\Database\MigrationRunner.php(182): CodeIgniter\Database\MigrationRunner->migrate('up', Object(stdClass))
#7 C:\laragon\www\examen\system\Test\DatabaseTestTrait.php(175): CodeIgniter\Database\MigrationRunner->latest('tests')
#8 C:\laragon\www\examen\system\Test\DatabaseTestTrait.php(120): Tests\Controllers\ExamenControllerTest->migrateDatabase()
#9 C:\laragon\www\examen\system\Test\DatabaseTestTrait.php(60): Tests\Controllers\ExamenControllerTest->setUpMigrate()
#10 C:\laragon\www\examen\system\Test\CIUnitTestCase.php(251): Tests\Controllers\ExamenControllerTest->setUpDatabase()
#11 C:\laragon\www\examen\tests\Controllers\ExamenControllerTest.php(22): CodeIgniter\Test\CIUnitTestCase->setUp()
#12 C:\laragon\www\examen\vendor\phpunit\phpunit\src\Framework\TestCase.php(2437): Tests\Controllers\ExamenControllerTest->setUp()
#13 C:\laragon\www\examen\vendor\phpunit\phpunit\src\Framework\TestCase.php(2340): PHPUnit\Framework\TestCase->invokeHookMethods(Object(PHPUnit\Runner\HookMethodCollection), Object(PHPUnit\Event\DispatchingEmitter), 'beforeTestMetho...', 'beforeTestMetho...', 'beforeTestMetho...')
#14 C:\laragon\www\examen\vendor\phpunit\phpunit\src\Framework\TestCase.php(506): PHPUnit\Framework\TestCase->invokeBeforeTestHookMethods(Array, Object(PHPUnit\Event\DispatchingEmitter))
#15 C:\laragon\www\examen\vendor\phpunit\phpunit\src\Framework\TestRunner\TestRunner.php(87): PHPUnit\Framework\TestCase->runBare()
#16 C:\laragon\www\examen\vendor\phpunit\phpunit\src\Framework\TestCase.php(361): PHPUnit\Framework\TestRunner->run(Object(Tests\Controllers\ExamenControllerTest))
#17 C:\laragon\www\examen\vendor\phpunit\phpunit\src\Framework\TestSuite.php(369): PHPUnit\Framework\TestCase->run()
#18 C:\laragon\www\examen\vendor\phpunit\phpunit\src\TextUI\TestRunner.php(64): PHPUnit\Framework\TestSuite->run()
#19 C:\laragon\www\examen\vendor\phpunit\phpunit\src\TextUI\Application.php(210): PHPUnit\TextUI\TestRunner->run(Object(PHPUnit\TextUI\Configuration\Configuration), Object(PHPUnit\Runner\ResultCache\DefaultResultCache), Object(PHPUnit\Framework\TestSuite))
#20 C:\laragon\www\examen\vendor\phpunit\phpunit\phpunit(104): PHPUnit\TextUI\Application->run(Array)
#21 C:\laragon\www\examen\vendor\bin\phpunit(122): include('C:\\laragon\\www\\...')
#22 {main}
ERROR - 2025-08-04 13:02:52 --> mysqli_sql_exception: Table 'ci4_test.examenes' doesn't exist in C:\laragon\www\examen\system\Database\MySQLi\Connection.php:327
Stack trace:
#0 C:\laragon\www\examen\system\Database\MySQLi\Connection.php(327): mysqli->query('INSERT INTO `ex...', 0)
#1 C:\laragon\www\examen\system\Database\BaseConnection.php(738): CodeIgniter\Database\MySQLi\Connection->execute('INSERT INTO `ex...')
#2 C:\laragon\www\examen\system\Database\BaseConnection.php(652): CodeIgniter\Database\BaseConnection->simpleQuery('INSERT INTO `ex...')
#3 C:\laragon\www\examen\system\Database\BaseBuilder.php(2345): CodeIgniter\Database\BaseConnection->query('INSERT INTO `ex...', Array, false)
#4 C:\laragon\www\examen\system\Model.php(394): CodeIgniter\Database\BaseBuilder->insert()
#5 C:\laragon\www\examen\system\BaseModel.php(839): CodeIgniter\Model->doInsert(Array)
#6 C:\laragon\www\examen\system\Model.php(800): CodeIgniter\BaseModel->insert(Array, true)
#7 C:\laragon\www\examen\app\Controllers\ExamenController.php(176): CodeIgniter\Model->insert(Array)
#8 C:\laragon\www\examen\system\Test\ControllerTestTrait.php(166): App\Controllers\ExamenController->create()
#9 C:\laragon\www\examen\tests\Controllers\ExamenControllerTest.php(59): Tests\Controllers\ExamenControllerTest->execute('create')
#10 C:\laragon\www\examen\vendor\phpunit\phpunit\src\Framework\TestCase.php(1656): Tests\Controllers\ExamenControllerTest->testCreateExamen()
#11 C:\laragon\www\examen\vendor\phpunit\phpunit\src\Framework\TestCase.php(514): PHPUnit\Framework\TestCase->runTest()
#12 C:\laragon\www\examen\vendor\phpunit\phpunit\src\Framework\TestRunner\TestRunner.php(87): PHPUnit\Framework\TestCase->runBare()
#13 C:\laragon\www\examen\vendor\phpunit\phpunit\src\Framework\TestCase.php(361): PHPUnit\Framework\TestRunner->run(Object(Tests\Controllers\ExamenControllerTest))
#14 C:\laragon\www\examen\vendor\phpunit\phpunit\src\Framework\TestSuite.php(369): PHPUnit\Framework\TestCase->run()
#15 C:\laragon\www\examen\vendor\phpunit\phpunit\src\TextUI\TestRunner.php(64): PHPUnit\Framework\TestSuite->run()
#16 C:\laragon\www\examen\vendor\phpunit\phpunit\src\TextUI\Application.php(210): PHPUnit\TextUI\TestRunner->run(Object(PHPUnit\TextUI\Configuration\Configuration), Object(PHPUnit\Runner\ResultCache\DefaultResultCache), Object(PHPUnit\Framework\TestSuite))
#17 C:\laragon\www\examen\vendor\phpunit\phpunit\phpunit(104): PHPUnit\TextUI\Application->run(Array)
#18 C:\laragon\www\examen\vendor\bin\phpunit(122): include('C:\\laragon\\www\\...')
#19 {main}
ERROR - 2025-08-04 13:02:58 --> mysqli_sql_exception: Table 'examen_conductor' already exists in C:\laragon\www\examen\system\Database\MySQLi\Connection.php:327
Stack trace:
#0 C:\laragon\www\examen\system\Database\MySQLi\Connection.php(327): mysqli->query('CREATE TABLE `e...', 0)
#1 C:\laragon\www\examen\system\Database\BaseConnection.php(738): CodeIgniter\Database\MySQLi\Connection->execute('CREATE TABLE `e...')
#2 C:\laragon\www\examen\system\Database\BaseConnection.php(652): CodeIgniter\Database\BaseConnection->simpleQuery('CREATE TABLE `e...')
#3 C:\laragon\www\examen\system\Database\Forge.php(570): CodeIgniter\Database\BaseConnection->query('CREATE TABLE `e...')
#4 C:\laragon\www\examen\app\Database\Migrations\2024-04-21-000014_CreateExamenConductorTable.php(74): CodeIgniter\Database\Forge->createTable('examen_conducto...')
#5 C:\laragon\www\examen\system\Database\MigrationRunner.php(866): App\Database\Migrations\CreateExamenConductorTable->up()
#6 C:\laragon\www\examen\system\Database\MigrationRunner.php(182): CodeIgniter\Database\MigrationRunner->migrate('up', Object(stdClass))
#7 C:\laragon\www\examen\system\Commands\Database\Migrate.php(85): CodeIgniter\Database\MigrationRunner->latest(NULL)
#8 C:\laragon\www\examen\system\CLI\Commands.php(70): CodeIgniter\Commands\Database\Migrate->run(Array)
#9 C:\laragon\www\examen\system\CLI\Console.php(48): CodeIgniter\CLI\Commands->run('migrate', Array)
#10 C:\laragon\www\examen\system\Boot.php(360): CodeIgniter\CLI\Console->run()
#11 C:\laragon\www\examen\system\Boot.php(104): CodeIgniter\Boot::runCommand(Object(CodeIgniter\CLI\Console))
#12 C:\laragon\www\examen\spark(84): CodeIgniter\Boot::bootSpark(Object(Config\Paths))
#13 {main}
ERROR - 2025-08-04 13:04:11 --> mysqli_sql_exception: Table 'examen_conductor' already exists in C:\laragon\www\examen\system\Database\MySQLi\Connection.php:327
Stack trace:
#0 C:\laragon\www\examen\system\Database\MySQLi\Connection.php(327): mysqli->query('CREATE TABLE `e...', 0)
#1 C:\laragon\www\examen\system\Database\BaseConnection.php(738): CodeIgniter\Database\MySQLi\Connection->execute('CREATE TABLE `e...')
#2 C:\laragon\www\examen\system\Database\BaseConnection.php(652): CodeIgniter\Database\BaseConnection->simpleQuery('CREATE TABLE `e...')
#3 C:\laragon\www\examen\system\Database\Forge.php(570): CodeIgniter\Database\BaseConnection->query('CREATE TABLE `e...')
#4 C:\laragon\www\examen\app\Database\Migrations\2024-04-21-000014_CreateExamenConductorTable.php(74): CodeIgniter\Database\Forge->createTable('examen_conducto...')
#5 C:\laragon\www\examen\system\Database\MigrationRunner.php(866): App\Database\Migrations\CreateExamenConductorTable->up()
#6 C:\laragon\www\examen\system\Database\MigrationRunner.php(182): CodeIgniter\Database\MigrationRunner->migrate('up', Object(stdClass))
#7 C:\laragon\www\examen\system\Commands\Database\Migrate.php(85): CodeIgniter\Database\MigrationRunner->latest(NULL)
#8 C:\laragon\www\examen\system\CLI\Commands.php(70): CodeIgniter\Commands\Database\Migrate->run(Array)
#9 C:\laragon\www\examen\system\CLI\Console.php(48): CodeIgniter\CLI\Commands->run('migrate', Array)
#10 C:\laragon\www\examen\system\Boot.php(360): CodeIgniter\CLI\Console->run()
#11 C:\laragon\www\examen\system\Boot.php(104): CodeIgniter\Boot::runCommand(Object(CodeIgniter\CLI\Console))
#12 C:\laragon\www\examen\spark(84): CodeIgniter\Boot::bootSpark(Object(Config\Paths))
#13 {main}
ERROR - 2025-08-04 13:05:25 --> mysqli_sql_exception: Failed to open the referenced table 'examenes' in C:\laragon\www\examen\system\Database\MySQLi\Connection.php:327
Stack trace:
#0 C:\laragon\www\examen\system\Database\MySQLi\Connection.php(327): mysqli->query('CREATE TABLE `e...', 0)
#1 C:\laragon\www\examen\system\Database\BaseConnection.php(738): CodeIgniter\Database\MySQLi\Connection->execute('CREATE TABLE `e...')
#2 C:\laragon\www\examen\system\Database\BaseConnection.php(652): CodeIgniter\Database\BaseConnection->simpleQuery('CREATE TABLE `e...')
#3 C:\laragon\www\examen\system\Database\Forge.php(570): CodeIgniter\Database\BaseConnection->query('CREATE TABLE `e...')
#4 C:\laragon\www\examen\app\Database\Migrations\2024-04-21-000014_CreateExamenConductorTable.php(74): CodeIgniter\Database\Forge->createTable('examen_conducto...')
#5 C:\laragon\www\examen\system\Database\MigrationRunner.php(866): App\Database\Migrations\CreateExamenConductorTable->up()
#6 C:\laragon\www\examen\system\Database\MigrationRunner.php(182): CodeIgniter\Database\MigrationRunner->migrate('up', Object(stdClass))
#7 C:\laragon\www\examen\system\Commands\Database\Migrate.php(85): CodeIgniter\Database\MigrationRunner->latest(NULL)
#8 C:\laragon\www\examen\system\CLI\Commands.php(70): CodeIgniter\Commands\Database\Migrate->run(Array)
#9 C:\laragon\www\examen\system\CLI\Console.php(48): CodeIgniter\CLI\Commands->run('migrate', Array)
#10 C:\laragon\www\examen\system\Boot.php(360): CodeIgniter\CLI\Console->run()
#11 C:\laragon\www\examen\system\Boot.php(104): CodeIgniter\Boot::runCommand(Object(CodeIgniter\CLI\Console))
#12 C:\laragon\www\examen\spark(84): CodeIgniter\Boot::bootSpark(Object(Config\Paths))
#13 {main}
ERROR - 2025-08-04 13:10:30 --> mysqli_sql_exception: Failed to open the referenced table 'examenes' in C:\laragon\www\examen\system\Database\MySQLi\Connection.php:327
Stack trace:
#0 C:\laragon\www\examen\system\Database\MySQLi\Connection.php(327): mysqli->query('CREATE TABLE `e...', 0)
#1 C:\laragon\www\examen\system\Database\BaseConnection.php(738): CodeIgniter\Database\MySQLi\Connection->execute('CREATE TABLE `e...')
#2 C:\laragon\www\examen\system\Database\BaseConnection.php(652): CodeIgniter\Database\BaseConnection->simpleQuery('CREATE TABLE `e...')
#3 C:\laragon\www\examen\system\Database\Forge.php(570): CodeIgniter\Database\BaseConnection->query('CREATE TABLE `e...')
#4 C:\laragon\www\examen\app\Database\Migrations\2024-04-21-000014_CreateExamenConductorTable.php(74): CodeIgniter\Database\Forge->createTable('examen_conducto...')
#5 C:\laragon\www\examen\system\Database\MigrationRunner.php(866): App\Database\Migrations\CreateExamenConductorTable->up()
#6 C:\laragon\www\examen\system\Database\MigrationRunner.php(182): CodeIgniter\Database\MigrationRunner->migrate('up', Object(stdClass))
#7 C:\laragon\www\examen\system\Commands\Database\Migrate.php(85): CodeIgniter\Database\MigrationRunner->latest(NULL)
#8 C:\laragon\www\examen\system\CLI\Commands.php(70): CodeIgniter\Commands\Database\Migrate->run(Array)
#9 C:\laragon\www\examen\system\CLI\Console.php(48): CodeIgniter\CLI\Commands->run('migrate', Array)
#10 C:\laragon\www\examen\system\Boot.php(360): CodeIgniter\CLI\Console->run()
#11 C:\laragon\www\examen\system\Boot.php(104): CodeIgniter\Boot::runCommand(Object(CodeIgniter\CLI\Console))
#12 C:\laragon\www\examen\spark(84): CodeIgniter\Boot::bootSpark(Object(Config\Paths))
#13 {main}
ERROR - 2025-08-04 15:28:14 --> mysqli_sql_exception: Unknown column 'requisitos' in 'field list' in C:\laragon\www\examen\system\Database\MySQLi\Connection.php:327
Stack trace:
#0 C:\laragon\www\examen\system\Database\MySQLi\Connection.php(327): mysqli->query('INSERT INTO `ca...', 0)
#1 C:\laragon\www\examen\system\Database\BaseConnection.php(738): CodeIgniter\Database\MySQLi\Connection->execute('INSERT INTO `ca...')
#2 C:\laragon\www\examen\system\Database\BaseConnection.php(652): CodeIgniter\Database\BaseConnection->simpleQuery('INSERT INTO `ca...')
#3 C:\laragon\www\examen\system\Database\BaseBuilder.php(2345): CodeIgniter\Database\BaseConnection->query('INSERT INTO `ca...', Array, false)
#4 C:\laragon\www\examen\system\Model.php(394): CodeIgniter\Database\BaseBuilder->insert()
#5 C:\laragon\www\examen\system\BaseModel.php(839): CodeIgniter\Model->doInsert(Array)
#6 C:\laragon\www\examen\system\Model.php(800): CodeIgniter\BaseModel->insert(Array, true)
#7 C:\laragon\www\examen\app\Database\Seeds\CategoriasSeeder.php(134): CodeIgniter\Model->insert(Array)
#8 C:\laragon\www\examen\system\Database\Seeder.php(147): App\Database\Seeds\CategoriasSeeder->run()
#9 C:\laragon\www\examen\system\Commands\Database\Seed.php(79): CodeIgniter\Database\Seeder->call('App\\Database\\Se...')
#10 C:\laragon\www\examen\system\CLI\Commands.php(70): CodeIgniter\Commands\Database\Seed->run(Array)
#11 C:\laragon\www\examen\system\CLI\Console.php(48): CodeIgniter\CLI\Commands->run('db:seed', Array)
#12 C:\laragon\www\examen\system\Boot.php(360): CodeIgniter\CLI\Console->run()
#13 C:\laragon\www\examen\system\Boot.php(104): CodeIgniter\Boot::runCommand(Object(CodeIgniter\CLI\Console))
#14 C:\laragon\www\examen\spark(84): CodeIgniter\Boot::bootSpark(Object(Config\Paths))
#15 {main}
ERROR - 2025-08-04 15:28:24 --> mysqli_sql_exception: Failed to open the referenced table 'conductores' in C:\laragon\www\examen\system\Database\MySQLi\Connection.php:327
Stack trace:
#0 C:\laragon\www\examen\system\Database\MySQLi\Connection.php(327): mysqli->query('CREATE TABLE `e...', 0)
#1 C:\laragon\www\examen\system\Database\BaseConnection.php(738): CodeIgniter\Database\MySQLi\Connection->execute('CREATE TABLE `e...')
#2 C:\laragon\www\examen\system\Database\BaseConnection.php(652): CodeIgniter\Database\BaseConnection->simpleQuery('CREATE TABLE `e...')
#3 C:\laragon\www\examen\system\Database\Forge.php(570): CodeIgniter\Database\BaseConnection->query('CREATE TABLE `e...')
#4 C:\laragon\www\examen\app\Database\Migrations\2024-04-21-000014_CreateExamenConductorTable.php(74): CodeIgniter\Database\Forge->createTable('examen_conducto...')
#5 C:\laragon\www\examen\system\Database\MigrationRunner.php(866): App\Database\Migrations\CreateExamenConductorTable->up()
#6 C:\laragon\www\examen\system\Database\MigrationRunner.php(182): CodeIgniter\Database\MigrationRunner->migrate('up', Object(stdClass))
#7 C:\laragon\www\examen\system\Commands\Database\Migrate.php(85): CodeIgniter\Database\MigrationRunner->latest(NULL)
#8 C:\laragon\www\examen\system\CLI\Commands.php(70): CodeIgniter\Commands\Database\Migrate->run(Array)
#9 C:\laragon\www\examen\system\CLI\Console.php(48): CodeIgniter\CLI\Commands->run('migrate', Array)
#10 C:\laragon\www\examen\system\Boot.php(360): CodeIgniter\CLI\Console->run()
#11 C:\laragon\www\examen\system\Boot.php(104): CodeIgniter\Boot::runCommand(Object(CodeIgniter\CLI\Console))
#12 C:\laragon\www\examen\spark(84): CodeIgniter\Boot::bootSpark(Object(Config\Paths))
#13 {main}
ERROR - 2025-08-04 17:11:21 --> mysqli_sql_exception: Table 'examen.escuelas' doesn't exist in C:\laragon\www\examen\system\Database\MySQLi\Connection.php:327
Stack trace:
#0 C:\laragon\www\examen\system\Database\MySQLi\Connection.php(327): mysqli->query('SELECT *\nFROM `...', 0)
#1 C:\laragon\www\examen\system\Database\BaseConnection.php(738): CodeIgniter\Database\MySQLi\Connection->execute('SELECT *\nFROM `...')
#2 C:\laragon\www\examen\system\Database\BaseConnection.php(652): CodeIgniter\Database\BaseConnection->simpleQuery('SELECT *\nFROM `...')
#3 C:\laragon\www\examen\system\Database\BaseBuilder.php(1649): CodeIgniter\Database\BaseConnection->query('SELECT *\nFROM `...', Array, false)
#4 C:\laragon\www\examen\system\Model.php(286): CodeIgniter\Database\BaseBuilder->get()
#5 C:\laragon\www\examen\system\BaseModel.php(675): CodeIgniter\Model->doFindAll(0, 0)
#6 C:\laragon\www\examen\app\Controllers\EscuelaController.php(27): CodeIgniter\BaseModel->findAll()
#7 C:\laragon\www\examen\system\CodeIgniter.php(933): App\Controllers\EscuelaController->index()
#8 C:\laragon\www\examen\system\CodeIgniter.php(507): CodeIgniter\CodeIgniter->runController(Object(App\Controllers\EscuelaController))
#9 C:\laragon\www\examen\system\CodeIgniter.php(354): CodeIgniter\CodeIgniter->handleRequest(NULL, Object(Config\Cache), false)
#10 C:\laragon\www\examen\system\Boot.php(334): CodeIgniter\CodeIgniter->run()
#11 C:\laragon\www\examen\system\Boot.php(67): CodeIgniter\Boot::runCodeIgniter(Object(CodeIgniter\CodeIgniter))
#12 C:\laragon\www\examen\public\index.php(59): CodeIgniter\Boot::bootWeb(Object(Config\Paths))
#13 {main}
ERROR - 2025-08-04 17:12:10 --> mysqli_sql_exception: Table 'examen.escuelas' doesn't exist in C:\laragon\www\examen\system\Database\MySQLi\Connection.php:327
Stack trace:
#0 C:\laragon\www\examen\system\Database\MySQLi\Connection.php(327): mysqli->query('SELECT *\nFROM `...', 0)
#1 C:\laragon\www\examen\system\Database\BaseConnection.php(738): CodeIgniter\Database\MySQLi\Connection->execute('SELECT *\nFROM `...')
#2 C:\laragon\www\examen\system\Database\BaseConnection.php(652): CodeIgniter\Database\BaseConnection->simpleQuery('SELECT *\nFROM `...')
#3 C:\laragon\www\examen\system\Database\BaseBuilder.php(1649): CodeIgniter\Database\BaseConnection->query('SELECT *\nFROM `...', Array, false)
#4 C:\laragon\www\examen\system\Model.php(286): CodeIgniter\Database\BaseBuilder->get()
#5 C:\laragon\www\examen\system\BaseModel.php(675): CodeIgniter\Model->doFindAll(0, 0)
#6 C:\laragon\www\examen\app\Controllers\EscuelaController.php(27): CodeIgniter\BaseModel->findAll()
#7 C:\laragon\www\examen\system\CodeIgniter.php(933): App\Controllers\EscuelaController->index()
#8 C:\laragon\www\examen\system\CodeIgniter.php(507): CodeIgniter\CodeIgniter->runController(Object(App\Controllers\EscuelaController))
#9 C:\laragon\www\examen\system\CodeIgniter.php(354): CodeIgniter\CodeIgniter->handleRequest(NULL, Object(Config\Cache), false)
#10 C:\laragon\www\examen\system\Boot.php(334): CodeIgniter\CodeIgniter->run()
#11 C:\laragon\www\examen\system\Boot.php(67): CodeIgniter\Boot::runCodeIgniter(Object(CodeIgniter\CodeIgniter))
#12 C:\laragon\www\examen\public\index.php(59): CodeIgniter\Boot::bootWeb(Object(Config\Paths))
#13 {main}
ERROR - 2025-08-04 17:19:55 --> mysqli_sql_exception: Table 'examen.escuelas' doesn't exist in C:\laragon\www\examen\system\Database\MySQLi\Connection.php:327
Stack trace:
#0 C:\laragon\www\examen\system\Database\MySQLi\Connection.php(327): mysqli->query('SELECT *\nFROM `...', 0)
#1 C:\laragon\www\examen\system\Database\BaseConnection.php(738): CodeIgniter\Database\MySQLi\Connection->execute('SELECT *\nFROM `...')
#2 C:\laragon\www\examen\system\Database\BaseConnection.php(652): CodeIgniter\Database\BaseConnection->simpleQuery('SELECT *\nFROM `...')
#3 C:\laragon\www\examen\system\Database\BaseBuilder.php(1649): CodeIgniter\Database\BaseConnection->query('SELECT *\nFROM `...', Array, false)
#4 C:\laragon\www\examen\system\Model.php(286): CodeIgniter\Database\BaseBuilder->get()
#5 C:\laragon\www\examen\system\BaseModel.php(675): CodeIgniter\Model->doFindAll(0, 0)
#6 C:\laragon\www\examen\app\Controllers\EscuelaController.php(27): CodeIgniter\BaseModel->findAll()
#7 C:\laragon\www\examen\system\CodeIgniter.php(933): App\Controllers\EscuelaController->index()
#8 C:\laragon\www\examen\system\CodeIgniter.php(507): CodeIgniter\CodeIgniter->runController(Object(App\Controllers\EscuelaController))
#9 C:\laragon\www\examen\system\CodeIgniter.php(354): CodeIgniter\CodeIgniter->handleRequest(NULL, Object(Config\Cache), false)
#10 C:\laragon\www\examen\system\Boot.php(334): CodeIgniter\CodeIgniter->run()
#11 C:\laragon\www\examen\system\Boot.php(67): CodeIgniter\Boot::runCodeIgniter(Object(CodeIgniter\CodeIgniter))
#12 C:\laragon\www\examen\public\index.php(59): CodeIgniter\Boot::bootWeb(Object(Config\Paths))
#13 {main}
