ERROR - 2025-09-23 11:14:13 --> mysqli_sql_exception: Unknown column 'usuarios.fecha_nacimiento' in 'field list' in C:\laragon\www\examen\system\Database\MySQLi\Connection.php:327
Stack trace:
#0 C:\laragon\www\examen\system\Database\MySQLi\Connection.php(327): mysqli->query('SELECT `conduct...', 0)
#1 C:\laragon\www\examen\system\Database\BaseConnection.php(738): CodeIgniter\Database\MySQLi\Connection->execute('SELECT `conduct...')
#2 C:\laragon\www\examen\system\Database\BaseConnection.php(652): CodeIgniter\Database\BaseConnection->simpleQuery('SELECT `conduct...')
#3 C:\laragon\www\examen\system\Database\BaseBuilder.php(1649): CodeIgniter\Database\BaseConnection->query('SELECT `conduct...', Array, false)
#4 C:\laragon\www\examen\system\Model.php(286): CodeIgniter\Database\BaseBuilder->get()
#5 C:\laragon\www\examen\system\BaseModel.php(675): CodeIgniter\Model->doFindAll(0, 0)
#6 C:\laragon\www\examen\app\Controllers\ConductorController.php(37): CodeIgniter\BaseModel->findAll()
#7 C:\laragon\www\examen\system\CodeIgniter.php(933): App\Controllers\ConductorController->index()
#8 C:\laragon\www\examen\system\CodeIgniter.php(507): CodeIgniter\CodeIgniter->runController(Object(App\Controllers\ConductorController))
#9 C:\laragon\www\examen\system\CodeIgniter.php(354): CodeIgniter\CodeIgniter->handleRequest(NULL, Object(Config\Cache), false)
#10 C:\laragon\www\examen\system\Boot.php(334): CodeIgniter\CodeIgniter->run()
#11 C:\laragon\www\examen\system\Boot.php(67): CodeIgniter\Boot::runCodeIgniter(Object(CodeIgniter\CodeIgniter))
#12 C:\laragon\www\examen\public\index.php(59): CodeIgniter\Boot::bootWeb(Object(Config\Paths))
#13 {main}
ERROR - 2025-09-23 11:14:13 --> Error al obtener conductores: Unknown column 'usuarios.fecha_nacimiento' in 'field list'
ERROR - 2025-09-23 11:14:16 --> mysqli_sql_exception: Unknown column 'usuarios.fecha_nacimiento' in 'field list' in C:\laragon\www\examen\system\Database\MySQLi\Connection.php:327
Stack trace:
#0 C:\laragon\www\examen\system\Database\MySQLi\Connection.php(327): mysqli->query('SELECT `conduct...', 0)
#1 C:\laragon\www\examen\system\Database\BaseConnection.php(738): CodeIgniter\Database\MySQLi\Connection->execute('SELECT `conduct...')
#2 C:\laragon\www\examen\system\Database\BaseConnection.php(652): CodeIgniter\Database\BaseConnection->simpleQuery('SELECT `conduct...')
#3 C:\laragon\www\examen\system\Database\BaseBuilder.php(1649): CodeIgniter\Database\BaseConnection->query('SELECT `conduct...', Array, false)
#4 C:\laragon\www\examen\system\Model.php(286): CodeIgniter\Database\BaseBuilder->get()
#5 C:\laragon\www\examen\system\BaseModel.php(675): CodeIgniter\Model->doFindAll(0, 0)
#6 C:\laragon\www\examen\app\Controllers\ConductorController.php(37): CodeIgniter\BaseModel->findAll()
#7 C:\laragon\www\examen\system\CodeIgniter.php(933): App\Controllers\ConductorController->index()
#8 C:\laragon\www\examen\system\CodeIgniter.php(507): CodeIgniter\CodeIgniter->runController(Object(App\Controllers\ConductorController))
#9 C:\laragon\www\examen\system\CodeIgniter.php(354): CodeIgniter\CodeIgniter->handleRequest(NULL, Object(Config\Cache), false)
#10 C:\laragon\www\examen\system\Boot.php(334): CodeIgniter\CodeIgniter->run()
#11 C:\laragon\www\examen\system\Boot.php(67): CodeIgniter\Boot::runCodeIgniter(Object(CodeIgniter\CodeIgniter))
#12 C:\laragon\www\examen\public\index.php(59): CodeIgniter\Boot::bootWeb(Object(Config\Paths))
#13 {main}
ERROR - 2025-09-23 11:14:16 --> Error al obtener conductores: Unknown column 'usuarios.fecha_nacimiento' in 'field list'
ERROR - 2025-09-23 11:34:55 --> mysqli_sql_exception: Unknown column 'usuarios.fecha_nacimiento' in 'field list' in C:\laragon\www\examen\system\Database\MySQLi\Connection.php:327
Stack trace:
#0 C:\laragon\www\examen\system\Database\MySQLi\Connection.php(327): mysqli->query('SELECT `conduct...', 0)
#1 C:\laragon\www\examen\system\Database\BaseConnection.php(738): CodeIgniter\Database\MySQLi\Connection->execute('SELECT `conduct...')
#2 C:\laragon\www\examen\system\Database\BaseConnection.php(652): CodeIgniter\Database\BaseConnection->simpleQuery('SELECT `conduct...')
#3 C:\laragon\www\examen\system\Database\BaseBuilder.php(1649): CodeIgniter\Database\BaseConnection->query('SELECT `conduct...', Array, false)
#4 C:\laragon\www\examen\system\Model.php(286): CodeIgniter\Database\BaseBuilder->get()
#5 C:\laragon\www\examen\system\BaseModel.php(675): CodeIgniter\Model->doFindAll(0, 0)
#6 C:\laragon\www\examen\app\Controllers\ConductorController.php(37): CodeIgniter\BaseModel->findAll()
#7 C:\laragon\www\examen\system\CodeIgniter.php(933): App\Controllers\ConductorController->index()
#8 C:\laragon\www\examen\system\CodeIgniter.php(507): CodeIgniter\CodeIgniter->runController(Object(App\Controllers\ConductorController))
#9 C:\laragon\www\examen\system\CodeIgniter.php(354): CodeIgniter\CodeIgniter->handleRequest(NULL, Object(Config\Cache), false)
#10 C:\laragon\www\examen\system\Boot.php(334): CodeIgniter\CodeIgniter->run()
#11 C:\laragon\www\examen\system\Boot.php(67): CodeIgniter\Boot::runCodeIgniter(Object(CodeIgniter\CodeIgniter))
#12 C:\laragon\www\examen\public\index.php(59): CodeIgniter\Boot::bootWeb(Object(Config\Paths))
#13 {main}
ERROR - 2025-09-23 11:34:55 --> Error al obtener conductores: Unknown column 'usuarios.fecha_nacimiento' in 'field list'
ERROR - 2025-09-23 11:34:58 --> mysqli_sql_exception: Unknown column 'usuarios.fecha_nacimiento' in 'field list' in C:\laragon\www\examen\system\Database\MySQLi\Connection.php:327
Stack trace:
#0 C:\laragon\www\examen\system\Database\MySQLi\Connection.php(327): mysqli->query('SELECT `conduct...', 0)
#1 C:\laragon\www\examen\system\Database\BaseConnection.php(738): CodeIgniter\Database\MySQLi\Connection->execute('SELECT `conduct...')
#2 C:\laragon\www\examen\system\Database\BaseConnection.php(652): CodeIgniter\Database\BaseConnection->simpleQuery('SELECT `conduct...')
#3 C:\laragon\www\examen\system\Database\BaseBuilder.php(1649): CodeIgniter\Database\BaseConnection->query('SELECT `conduct...', Array, false)
#4 C:\laragon\www\examen\system\Model.php(286): CodeIgniter\Database\BaseBuilder->get()
#5 C:\laragon\www\examen\system\BaseModel.php(675): CodeIgniter\Model->doFindAll(0, 0)
#6 C:\laragon\www\examen\app\Controllers\ConductorController.php(37): CodeIgniter\BaseModel->findAll()
#7 C:\laragon\www\examen\system\CodeIgniter.php(933): App\Controllers\ConductorController->index()
#8 C:\laragon\www\examen\system\CodeIgniter.php(507): CodeIgniter\CodeIgniter->runController(Object(App\Controllers\ConductorController))
#9 C:\laragon\www\examen\system\CodeIgniter.php(354): CodeIgniter\CodeIgniter->handleRequest(NULL, Object(Config\Cache), false)
#10 C:\laragon\www\examen\system\Boot.php(334): CodeIgniter\CodeIgniter->run()
#11 C:\laragon\www\examen\system\Boot.php(67): CodeIgniter\Boot::runCodeIgniter(Object(CodeIgniter\CodeIgniter))
#12 C:\laragon\www\examen\public\index.php(59): CodeIgniter\Boot::bootWeb(Object(Config\Paths))
#13 {main}
ERROR - 2025-09-23 11:34:58 --> Error al obtener conductores: Unknown column 'usuarios.fecha_nacimiento' in 'field list'
ERROR - 2025-09-23 11:35:39 --> mysqli_sql_exception: Unknown column 'usuarios.fecha_nacimiento' in 'field list' in C:\laragon\www\examen\system\Database\MySQLi\Connection.php:327
Stack trace:
#0 C:\laragon\www\examen\system\Database\MySQLi\Connection.php(327): mysqli->query('SELECT `conduct...', 0)
#1 C:\laragon\www\examen\system\Database\BaseConnection.php(738): CodeIgniter\Database\MySQLi\Connection->execute('SELECT `conduct...')
#2 C:\laragon\www\examen\system\Database\BaseConnection.php(652): CodeIgniter\Database\BaseConnection->simpleQuery('SELECT `conduct...')
#3 C:\laragon\www\examen\system\Database\BaseBuilder.php(1649): CodeIgniter\Database\BaseConnection->query('SELECT `conduct...', Array, false)
#4 C:\laragon\www\examen\system\Model.php(286): CodeIgniter\Database\BaseBuilder->get()
#5 C:\laragon\www\examen\system\BaseModel.php(675): CodeIgniter\Model->doFindAll(0, 0)
#6 C:\laragon\www\examen\app\Controllers\ConductorController.php(37): CodeIgniter\BaseModel->findAll()
#7 C:\laragon\www\examen\system\CodeIgniter.php(933): App\Controllers\ConductorController->index()
#8 C:\laragon\www\examen\system\CodeIgniter.php(507): CodeIgniter\CodeIgniter->runController(Object(App\Controllers\ConductorController))
#9 C:\laragon\www\examen\system\CodeIgniter.php(354): CodeIgniter\CodeIgniter->handleRequest(NULL, Object(Config\Cache), false)
#10 C:\laragon\www\examen\system\Boot.php(334): CodeIgniter\CodeIgniter->run()
#11 C:\laragon\www\examen\system\Boot.php(67): CodeIgniter\Boot::runCodeIgniter(Object(CodeIgniter\CodeIgniter))
#12 C:\laragon\www\examen\public\index.php(59): CodeIgniter\Boot::bootWeb(Object(Config\Paths))
#13 {main}
ERROR - 2025-09-23 11:35:39 --> Error al obtener conductores: Unknown column 'usuarios.fecha_nacimiento' in 'field list'
ERROR - 2025-09-23 11:35:41 --> mysqli_sql_exception: Unknown column 'usuarios.fecha_nacimiento' in 'field list' in C:\laragon\www\examen\system\Database\MySQLi\Connection.php:327
Stack trace:
#0 C:\laragon\www\examen\system\Database\MySQLi\Connection.php(327): mysqli->query('SELECT `conduct...', 0)
#1 C:\laragon\www\examen\system\Database\BaseConnection.php(738): CodeIgniter\Database\MySQLi\Connection->execute('SELECT `conduct...')
#2 C:\laragon\www\examen\system\Database\BaseConnection.php(652): CodeIgniter\Database\BaseConnection->simpleQuery('SELECT `conduct...')
#3 C:\laragon\www\examen\system\Database\BaseBuilder.php(1649): CodeIgniter\Database\BaseConnection->query('SELECT `conduct...', Array, false)
#4 C:\laragon\www\examen\system\Model.php(286): CodeIgniter\Database\BaseBuilder->get()
#5 C:\laragon\www\examen\system\BaseModel.php(675): CodeIgniter\Model->doFindAll(0, 0)
#6 C:\laragon\www\examen\app\Controllers\ConductorController.php(37): CodeIgniter\BaseModel->findAll()
#7 C:\laragon\www\examen\system\CodeIgniter.php(933): App\Controllers\ConductorController->index()
#8 C:\laragon\www\examen\system\CodeIgniter.php(507): CodeIgniter\CodeIgniter->runController(Object(App\Controllers\ConductorController))
#9 C:\laragon\www\examen\system\CodeIgniter.php(354): CodeIgniter\CodeIgniter->handleRequest(NULL, Object(Config\Cache), false)
#10 C:\laragon\www\examen\system\Boot.php(334): CodeIgniter\CodeIgniter->run()
#11 C:\laragon\www\examen\system\Boot.php(67): CodeIgniter\Boot::runCodeIgniter(Object(CodeIgniter\CodeIgniter))
#12 C:\laragon\www\examen\public\index.php(59): CodeIgniter\Boot::bootWeb(Object(Config\Paths))
#13 {main}
ERROR - 2025-09-23 11:35:41 --> Error al obtener conductores: Unknown column 'usuarios.fecha_nacimiento' in 'field list'
ERROR - 2025-09-23 11:36:02 --> mysqli_sql_exception: Unknown column 'usuarios.fecha_nacimiento' in 'field list' in C:\laragon\www\examen\system\Database\MySQLi\Connection.php:327
Stack trace:
#0 C:\laragon\www\examen\system\Database\MySQLi\Connection.php(327): mysqli->query('SELECT `conduct...', 0)
#1 C:\laragon\www\examen\system\Database\BaseConnection.php(738): CodeIgniter\Database\MySQLi\Connection->execute('SELECT `conduct...')
#2 C:\laragon\www\examen\system\Database\BaseConnection.php(652): CodeIgniter\Database\BaseConnection->simpleQuery('SELECT `conduct...')
#3 C:\laragon\www\examen\system\Database\BaseBuilder.php(1649): CodeIgniter\Database\BaseConnection->query('SELECT `conduct...', Array, false)
#4 C:\laragon\www\examen\system\Model.php(286): CodeIgniter\Database\BaseBuilder->get()
#5 C:\laragon\www\examen\system\BaseModel.php(675): CodeIgniter\Model->doFindAll(0, 0)
#6 C:\laragon\www\examen\app\Controllers\ConductorController.php(37): CodeIgniter\BaseModel->findAll()
#7 C:\laragon\www\examen\system\CodeIgniter.php(933): App\Controllers\ConductorController->index()
#8 C:\laragon\www\examen\system\CodeIgniter.php(507): CodeIgniter\CodeIgniter->runController(Object(App\Controllers\ConductorController))
#9 C:\laragon\www\examen\system\CodeIgniter.php(354): CodeIgniter\CodeIgniter->handleRequest(NULL, Object(Config\Cache), false)
#10 C:\laragon\www\examen\system\Boot.php(334): CodeIgniter\CodeIgniter->run()
#11 C:\laragon\www\examen\system\Boot.php(67): CodeIgniter\Boot::runCodeIgniter(Object(CodeIgniter\CodeIgniter))
#12 C:\laragon\www\examen\public\index.php(59): CodeIgniter\Boot::bootWeb(Object(Config\Paths))
#13 {main}
ERROR - 2025-09-23 11:36:02 --> Error al obtener conductores: Unknown column 'usuarios.fecha_nacimiento' in 'field list'
ERROR - 2025-09-23 11:36:05 --> mysqli_sql_exception: Unknown column 'usuarios.fecha_nacimiento' in 'field list' in C:\laragon\www\examen\system\Database\MySQLi\Connection.php:327
Stack trace:
#0 C:\laragon\www\examen\system\Database\MySQLi\Connection.php(327): mysqli->query('SELECT `conduct...', 0)
#1 C:\laragon\www\examen\system\Database\BaseConnection.php(738): CodeIgniter\Database\MySQLi\Connection->execute('SELECT `conduct...')
#2 C:\laragon\www\examen\system\Database\BaseConnection.php(652): CodeIgniter\Database\BaseConnection->simpleQuery('SELECT `conduct...')
#3 C:\laragon\www\examen\system\Database\BaseBuilder.php(1649): CodeIgniter\Database\BaseConnection->query('SELECT `conduct...', Array, false)
#4 C:\laragon\www\examen\system\Model.php(286): CodeIgniter\Database\BaseBuilder->get()
#5 C:\laragon\www\examen\system\BaseModel.php(675): CodeIgniter\Model->doFindAll(0, 0)
#6 C:\laragon\www\examen\app\Controllers\ConductorController.php(37): CodeIgniter\BaseModel->findAll()
#7 C:\laragon\www\examen\system\CodeIgniter.php(933): App\Controllers\ConductorController->index()
#8 C:\laragon\www\examen\system\CodeIgniter.php(507): CodeIgniter\CodeIgniter->runController(Object(App\Controllers\ConductorController))
#9 C:\laragon\www\examen\system\CodeIgniter.php(354): CodeIgniter\CodeIgniter->handleRequest(NULL, Object(Config\Cache), false)
#10 C:\laragon\www\examen\system\Boot.php(334): CodeIgniter\CodeIgniter->run()
#11 C:\laragon\www\examen\system\Boot.php(67): CodeIgniter\Boot::runCodeIgniter(Object(CodeIgniter\CodeIgniter))
#12 C:\laragon\www\examen\public\index.php(59): CodeIgniter\Boot::bootWeb(Object(Config\Paths))
#13 {main}
ERROR - 2025-09-23 11:36:05 --> Error al obtener conductores: Unknown column 'usuarios.fecha_nacimiento' in 'field list'
ERROR - 2025-09-23 12:20:51 --> mysqli_sql_exception: Table 'examen_escuela' already exists in C:\laragon\www\examen\system\Database\MySQLi\Connection.php:327
Stack trace:
#0 C:\laragon\www\examen\system\Database\MySQLi\Connection.php(327): mysqli->query('CREATE TABLE `e...', 0)
#1 C:\laragon\www\examen\system\Database\BaseConnection.php(738): CodeIgniter\Database\MySQLi\Connection->execute('CREATE TABLE `e...')
#2 C:\laragon\www\examen\system\Database\BaseConnection.php(652): CodeIgniter\Database\BaseConnection->simpleQuery('CREATE TABLE `e...')
#3 C:\laragon\www\examen\system\Database\Forge.php(570): CodeIgniter\Database\BaseConnection->query('CREATE TABLE `e...')
#4 C:\laragon\www\examen\app\Database\Migrations\2024-01-01-000004_CreateExamenEscuelaTable.php(48): CodeIgniter\Database\Forge->createTable('examen_escuela')
#5 C:\laragon\www\examen\system\Database\MigrationRunner.php(866): App\Database\Migrations\CreateExamenEscuelaTable->up()
#6 C:\laragon\www\examen\system\Database\MigrationRunner.php(182): CodeIgniter\Database\MigrationRunner->migrate('up', Object(stdClass))
#7 C:\laragon\www\examen\system\Commands\Database\Migrate.php(85): CodeIgniter\Database\MigrationRunner->latest(NULL)
#8 C:\laragon\www\examen\system\CLI\Commands.php(70): CodeIgniter\Commands\Database\Migrate->run(Array)
#9 C:\laragon\www\examen\system\CLI\Console.php(48): CodeIgniter\CLI\Commands->run('migrate', Array)
#10 C:\laragon\www\examen\system\Boot.php(360): CodeIgniter\CLI\Console->run()
#11 C:\laragon\www\examen\system\Boot.php(104): CodeIgniter\Boot::runCommand(Object(CodeIgniter\CLI\Console))
#12 C:\laragon\www\examen\spark(84): CodeIgniter\Boot::bootSpark(Object(Config\Paths))
#13 {main}
ERROR - 2025-09-23 12:21:23 --> mysqli_sql_exception: Unknown column 'ca.categoria_asignada_id' in 'field list' in C:\laragon\www\examen\system\Database\MySQLi\Connection.php:327
Stack trace:
#0 C:\laragon\www\examen\system\Database\MySQLi\Connection.php(327): mysqli->query('\r\n            S...', 0)
#1 C:\laragon\www\examen\system\Database\BaseConnection.php(738): CodeIgniter\Database\MySQLi\Connection->execute('\r\n            S...')
#2 C:\laragon\www\examen\system\Database\BaseConnection.php(652): CodeIgniter\Database\BaseConnection->simpleQuery('\r\n            S...')
#3 C:\laragon\www\examen\app\Models\CategoriaAsignadaModel.php(71): CodeIgniter\Database\BaseConnection->query('\r\n            S...', Array)
#4 C:\laragon\www\examen\app\Controllers\ConductorController.php(58): App\Models\CategoriaAsignadaModel->getCategoriasAsignadasCompletas('1')
#5 C:\laragon\www\examen\system\CodeIgniter.php(933): App\Controllers\ConductorController->index()
#6 C:\laragon\www\examen\system\CodeIgniter.php(507): CodeIgniter\CodeIgniter->runController(Object(App\Controllers\ConductorController))
#7 C:\laragon\www\examen\system\CodeIgniter.php(354): CodeIgniter\CodeIgniter->handleRequest(NULL, Object(Config\Cache), false)
#8 C:\laragon\www\examen\system\Boot.php(334): CodeIgniter\CodeIgniter->run()
#9 C:\laragon\www\examen\system\Boot.php(67): CodeIgniter\Boot::runCodeIgniter(Object(CodeIgniter\CodeIgniter))
#10 C:\laragon\www\examen\public\index.php(59): CodeIgniter\Boot::bootWeb(Object(Config\Paths))
#11 C:\laragon\www\examen\system\rewrite.php(44): require_once('C:\\laragon\\www\\...')
#12 {main}
ERROR - 2025-09-23 12:21:23 --> Error al obtener conductores: Unknown column 'ca.categoria_asignada_id' in 'field list'
ERROR - 2025-09-23 12:26:42 --> mysqli_sql_exception: Unknown column 'ca.categoria_asignada_id' in 'field list' in C:\laragon\www\examen\system\Database\MySQLi\Connection.php:327
Stack trace:
#0 C:\laragon\www\examen\system\Database\MySQLi\Connection.php(327): mysqli->query('\r\n            S...', 0)
#1 C:\laragon\www\examen\system\Database\BaseConnection.php(738): CodeIgniter\Database\MySQLi\Connection->execute('\r\n            S...')
#2 C:\laragon\www\examen\system\Database\BaseConnection.php(652): CodeIgniter\Database\BaseConnection->simpleQuery('\r\n            S...')
#3 C:\laragon\www\examen\app\Models\CategoriaAsignadaModel.php(71): CodeIgniter\Database\BaseConnection->query('\r\n            S...', Array)
#4 C:\laragon\www\examen\app\Controllers\ConductorController.php(58): App\Models\CategoriaAsignadaModel->getCategoriasAsignadasCompletas('1')
#5 C:\laragon\www\examen\system\CodeIgniter.php(933): App\Controllers\ConductorController->index()
#6 C:\laragon\www\examen\system\CodeIgniter.php(507): CodeIgniter\CodeIgniter->runController(Object(App\Controllers\ConductorController))
#7 C:\laragon\www\examen\system\CodeIgniter.php(354): CodeIgniter\CodeIgniter->handleRequest(NULL, Object(Config\Cache), false)
#8 C:\laragon\www\examen\system\Boot.php(334): CodeIgniter\CodeIgniter->run()
#9 C:\laragon\www\examen\system\Boot.php(67): CodeIgniter\Boot::runCodeIgniter(Object(CodeIgniter\CodeIgniter))
#10 C:\laragon\www\examen\public\index.php(59): CodeIgniter\Boot::bootWeb(Object(Config\Paths))
#11 C:\laragon\www\examen\system\rewrite.php(44): require_once('C:\\laragon\\www\\...')
#12 {main}
ERROR - 2025-09-23 12:26:42 --> Error al obtener conductores: Unknown column 'ca.categoria_asignada_id' in 'field list'
ERROR - 2025-09-23 12:29:28 --> mysqli_sql_exception: Table 'examen_escuela' already exists in C:\laragon\www\examen\system\Database\MySQLi\Connection.php:327
Stack trace:
#0 C:\laragon\www\examen\system\Database\MySQLi\Connection.php(327): mysqli->query('CREATE TABLE `e...', 0)
#1 C:\laragon\www\examen\system\Database\BaseConnection.php(738): CodeIgniter\Database\MySQLi\Connection->execute('CREATE TABLE `e...')
#2 C:\laragon\www\examen\system\Database\BaseConnection.php(652): CodeIgniter\Database\BaseConnection->simpleQuery('CREATE TABLE `e...')
#3 C:\laragon\www\examen\system\Database\Forge.php(570): CodeIgniter\Database\BaseConnection->query('CREATE TABLE `e...')
#4 C:\laragon\www\examen\app\Database\Migrations\2024-01-01-000004_CreateExamenEscuelaTable.php(48): CodeIgniter\Database\Forge->createTable('examen_escuela')
#5 C:\laragon\www\examen\system\Database\MigrationRunner.php(866): App\Database\Migrations\CreateExamenEscuelaTable->up()
#6 C:\laragon\www\examen\system\Database\MigrationRunner.php(182): CodeIgniter\Database\MigrationRunner->migrate('up', Object(stdClass))
#7 C:\laragon\www\examen\system\Commands\Database\Migrate.php(85): CodeIgniter\Database\MigrationRunner->latest(NULL)
#8 C:\laragon\www\examen\system\CLI\Commands.php(70): CodeIgniter\Commands\Database\Migrate->run(Array)
#9 C:\laragon\www\examen\system\CLI\Console.php(48): CodeIgniter\CLI\Commands->run('migrate', Array)
#10 C:\laragon\www\examen\system\Boot.php(360): CodeIgniter\CLI\Console->run()
#11 C:\laragon\www\examen\system\Boot.php(104): CodeIgniter\Boot::runCommand(Object(CodeIgniter\CLI\Console))
#12 C:\laragon\www\examen\spark(84): CodeIgniter\Boot::bootSpark(Object(Config\Paths))
#13 {main}
ERROR - 2025-09-23 12:31:21 --> mysqli_sql_exception: Unknown column 'cap.fecha_vencimiento' in 'field list' in C:\laragon\www\examen\system\Database\MySQLi\Connection.php:327
Stack trace:
#0 C:\laragon\www\examen\system\Database\MySQLi\Connection.php(327): mysqli->query('\r\n            S...', 0)
#1 C:\laragon\www\examen\system\Database\BaseConnection.php(738): CodeIgniter\Database\MySQLi\Connection->execute('\r\n            S...')
#2 C:\laragon\www\examen\system\Database\BaseConnection.php(652): CodeIgniter\Database\BaseConnection->simpleQuery('\r\n            S...')
#3 C:\laragon\www\examen\app\Models\CategoriaAsignadaModel.php(107): CodeIgniter\Database\BaseConnection->query('\r\n            S...', Array)
#4 C:\laragon\www\examen\app\Controllers\ConductorController.php(62): App\Models\CategoriaAsignadaModel->getCategoriasAprobadasCompletas('1')
#5 C:\laragon\www\examen\system\CodeIgniter.php(933): App\Controllers\ConductorController->index()
#6 C:\laragon\www\examen\system\CodeIgniter.php(507): CodeIgniter\CodeIgniter->runController(Object(App\Controllers\ConductorController))
#7 C:\laragon\www\examen\system\CodeIgniter.php(354): CodeIgniter\CodeIgniter->handleRequest(NULL, Object(Config\Cache), false)
#8 C:\laragon\www\examen\system\Boot.php(334): CodeIgniter\CodeIgniter->run()
#9 C:\laragon\www\examen\system\Boot.php(67): CodeIgniter\Boot::runCodeIgniter(Object(CodeIgniter\CodeIgniter))
#10 C:\laragon\www\examen\public\index.php(59): CodeIgniter\Boot::bootWeb(Object(Config\Paths))
#11 C:\laragon\www\examen\system\rewrite.php(44): require_once('C:\\laragon\\www\\...')
#12 {main}
ERROR - 2025-09-23 12:31:21 --> Error al obtener conductores: Unknown column 'cap.fecha_vencimiento' in 'field list'
ERROR - 2025-09-23 12:32:54 --> mysqli_sql_exception: Unknown column 'cap.observaciones' in 'field list' in C:\laragon\www\examen\system\Database\MySQLi\Connection.php:327
Stack trace:
#0 C:\laragon\www\examen\system\Database\MySQLi\Connection.php(327): mysqli->query('\r\n            S...', 0)
#1 C:\laragon\www\examen\system\Database\BaseConnection.php(738): CodeIgniter\Database\MySQLi\Connection->execute('\r\n            S...')
#2 C:\laragon\www\examen\system\Database\BaseConnection.php(652): CodeIgniter\Database\BaseConnection->simpleQuery('\r\n            S...')
#3 C:\laragon\www\examen\app\Models\CategoriaAsignadaModel.php(107): CodeIgniter\Database\BaseConnection->query('\r\n            S...', Array)
#4 C:\laragon\www\examen\app\Controllers\ConductorController.php(62): App\Models\CategoriaAsignadaModel->getCategoriasAprobadasCompletas('1')
#5 C:\laragon\www\examen\system\CodeIgniter.php(933): App\Controllers\ConductorController->index()
#6 C:\laragon\www\examen\system\CodeIgniter.php(507): CodeIgniter\CodeIgniter->runController(Object(App\Controllers\ConductorController))
#7 C:\laragon\www\examen\system\CodeIgniter.php(354): CodeIgniter\CodeIgniter->handleRequest(NULL, Object(Config\Cache), false)
#8 C:\laragon\www\examen\system\Boot.php(334): CodeIgniter\CodeIgniter->run()
#9 C:\laragon\www\examen\system\Boot.php(67): CodeIgniter\Boot::runCodeIgniter(Object(CodeIgniter\CodeIgniter))
#10 C:\laragon\www\examen\public\index.php(59): CodeIgniter\Boot::bootWeb(Object(Config\Paths))
#11 C:\laragon\www\examen\system\rewrite.php(44): require_once('C:\\laragon\\www\\...')
#12 {main}
ERROR - 2025-09-23 12:32:54 --> Error al obtener conductores: Unknown column 'cap.observaciones' in 'field list'
ERROR - 2025-09-23 12:33:42 --> mysqli_sql_exception: Unknown column 'cap.deleted_at' in 'where clause' in C:\laragon\www\examen\system\Database\MySQLi\Connection.php:327
Stack trace:
#0 C:\laragon\www\examen\system\Database\MySQLi\Connection.php(327): mysqli->query('\r\n            S...', 0)
#1 C:\laragon\www\examen\system\Database\BaseConnection.php(738): CodeIgniter\Database\MySQLi\Connection->execute('\r\n            S...')
#2 C:\laragon\www\examen\system\Database\BaseConnection.php(652): CodeIgniter\Database\BaseConnection->simpleQuery('\r\n            S...')
#3 C:\laragon\www\examen\app\Models\CategoriaAsignadaModel.php(107): CodeIgniter\Database\BaseConnection->query('\r\n            S...', Array)
#4 C:\laragon\www\examen\app\Controllers\ConductorController.php(62): App\Models\CategoriaAsignadaModel->getCategoriasAprobadasCompletas('1')
#5 C:\laragon\www\examen\system\CodeIgniter.php(933): App\Controllers\ConductorController->index()
#6 C:\laragon\www\examen\system\CodeIgniter.php(507): CodeIgniter\CodeIgniter->runController(Object(App\Controllers\ConductorController))
#7 C:\laragon\www\examen\system\CodeIgniter.php(354): CodeIgniter\CodeIgniter->handleRequest(NULL, Object(Config\Cache), false)
#8 C:\laragon\www\examen\system\Boot.php(334): CodeIgniter\CodeIgniter->run()
#9 C:\laragon\www\examen\system\Boot.php(67): CodeIgniter\Boot::runCodeIgniter(Object(CodeIgniter\CodeIgniter))
#10 C:\laragon\www\examen\public\index.php(59): CodeIgniter\Boot::bootWeb(Object(Config\Paths))
#11 C:\laragon\www\examen\system\rewrite.php(44): require_once('C:\\laragon\\www\\...')
#12 {main}
ERROR - 2025-09-23 12:33:42 --> Error al obtener conductores: Unknown column 'cap.deleted_at' in 'where clause'
CRITICAL - 2025-09-23 14:46:04 --> ParseError: syntax error, unexpected variable "$this"
[Method: GET, Route: api/conductores]
in APPPATH\Controllers\ConductorController.php on line 217.
 1 SYSTEMPATH\Autoloader\Autoloader.php(295): CodeIgniter\Autoloader\Autoloader->includeFile('C:\\laragon\\www\\examen\\app\\Controllers\\ConductorController.php')
 2 SYSTEMPATH\Autoloader\Autoloader.php(271): CodeIgniter\Autoloader\Autoloader->loadInNamespace('App\\Controllers\\ConductorController')
 3 [internal function]: CodeIgniter\Autoloader\Autoloader->loadClass('App\\Controllers\\ConductorController')
 4 SYSTEMPATH\CodeIgniter.php(885): class_exists('\\App\\Controllers\\ConductorController', true)
 5 SYSTEMPATH\CodeIgniter.php(494): CodeIgniter\CodeIgniter->startController()
 6 SYSTEMPATH\CodeIgniter.php(354): CodeIgniter\CodeIgniter->handleRequest(null, Object(Config\Cache), false)
 7 SYSTEMPATH\Boot.php(334): CodeIgniter\CodeIgniter->run()
 8 SYSTEMPATH\Boot.php(67): CodeIgniter\Boot::runCodeIgniter(Object(CodeIgniter\CodeIgniter))
 9 FCPATH\index.php(59): CodeIgniter\Boot::bootWeb(Object(Config\Paths))
CRITICAL - 2025-09-23 14:46:05 --> ParseError: syntax error, unexpected variable "$this"
[Method: GET, Route: api/conductores]
in APPPATH\Controllers\ConductorController.php on line 217.
 1 SYSTEMPATH\Autoloader\Autoloader.php(295): CodeIgniter\Autoloader\Autoloader->includeFile('C:\\laragon\\www\\examen\\app\\Controllers\\ConductorController.php')
 2 SYSTEMPATH\Autoloader\Autoloader.php(271): CodeIgniter\Autoloader\Autoloader->loadInNamespace('App\\Controllers\\ConductorController')
 3 [internal function]: CodeIgniter\Autoloader\Autoloader->loadClass('App\\Controllers\\ConductorController')
 4 SYSTEMPATH\CodeIgniter.php(885): class_exists('\\App\\Controllers\\ConductorController', true)
 5 SYSTEMPATH\CodeIgniter.php(494): CodeIgniter\CodeIgniter->startController()
 6 SYSTEMPATH\CodeIgniter.php(354): CodeIgniter\CodeIgniter->handleRequest(null, Object(Config\Cache), false)
 7 SYSTEMPATH\Boot.php(334): CodeIgniter\CodeIgniter->run()
 8 SYSTEMPATH\Boot.php(67): CodeIgniter\Boot::runCodeIgniter(Object(CodeIgniter\CodeIgniter))
 9 FCPATH\index.php(59): CodeIgniter\Boot::bootWeb(Object(Config\Paths))
CRITICAL - 2025-09-23 14:46:26 --> ParseError: syntax error, unexpected variable "$this"
[Method: GET, Route: api/conductores]
in APPPATH\Controllers\ConductorController.php on line 217.
 1 SYSTEMPATH\Autoloader\Autoloader.php(295): CodeIgniter\Autoloader\Autoloader->includeFile('C:\\laragon\\www\\examen\\app\\Controllers\\ConductorController.php')
 2 SYSTEMPATH\Autoloader\Autoloader.php(271): CodeIgniter\Autoloader\Autoloader->loadInNamespace('App\\Controllers\\ConductorController')
 3 [internal function]: CodeIgniter\Autoloader\Autoloader->loadClass('App\\Controllers\\ConductorController')
 4 SYSTEMPATH\CodeIgniter.php(885): class_exists('\\App\\Controllers\\ConductorController', true)
 5 SYSTEMPATH\CodeIgniter.php(494): CodeIgniter\CodeIgniter->startController()
 6 SYSTEMPATH\CodeIgniter.php(354): CodeIgniter\CodeIgniter->handleRequest(null, Object(Config\Cache), false)
 7 SYSTEMPATH\Boot.php(334): CodeIgniter\CodeIgniter->run()
 8 SYSTEMPATH\Boot.php(67): CodeIgniter\Boot::runCodeIgniter(Object(CodeIgniter\CodeIgniter))
 9 FCPATH\index.php(59): CodeIgniter\Boot::bootWeb(Object(Config\Paths))
CRITICAL - 2025-09-23 14:46:28 --> ParseError: syntax error, unexpected variable "$this"
[Method: GET, Route: api/conductores]
in APPPATH\Controllers\ConductorController.php on line 217.
 1 SYSTEMPATH\Autoloader\Autoloader.php(295): CodeIgniter\Autoloader\Autoloader->includeFile('C:\\laragon\\www\\examen\\app\\Controllers\\ConductorController.php')
 2 SYSTEMPATH\Autoloader\Autoloader.php(271): CodeIgniter\Autoloader\Autoloader->loadInNamespace('App\\Controllers\\ConductorController')
 3 [internal function]: CodeIgniter\Autoloader\Autoloader->loadClass('App\\Controllers\\ConductorController')
 4 SYSTEMPATH\CodeIgniter.php(885): class_exists('\\App\\Controllers\\ConductorController', true)
 5 SYSTEMPATH\CodeIgniter.php(494): CodeIgniter\CodeIgniter->startController()
 6 SYSTEMPATH\CodeIgniter.php(354): CodeIgniter\CodeIgniter->handleRequest(null, Object(Config\Cache), false)
 7 SYSTEMPATH\Boot.php(334): CodeIgniter\CodeIgniter->run()
 8 SYSTEMPATH\Boot.php(67): CodeIgniter\Boot::runCodeIgniter(Object(CodeIgniter\CodeIgniter))
 9 FCPATH\index.php(59): CodeIgniter\Boot::bootWeb(Object(Config\Paths))
CRITICAL - 2025-09-23 14:47:35 --> ParseError: syntax error, unexpected variable "$this"
[Method: GET, Route: api/conductores]
in APPPATH\Controllers\ConductorController.php on line 217.
 1 SYSTEMPATH\Autoloader\Autoloader.php(295): CodeIgniter\Autoloader\Autoloader->includeFile('C:\\laragon\\www\\examen\\app\\Controllers\\ConductorController.php')
 2 SYSTEMPATH\Autoloader\Autoloader.php(271): CodeIgniter\Autoloader\Autoloader->loadInNamespace('App\\Controllers\\ConductorController')
 3 [internal function]: CodeIgniter\Autoloader\Autoloader->loadClass('App\\Controllers\\ConductorController')
 4 SYSTEMPATH\CodeIgniter.php(885): class_exists('\\App\\Controllers\\ConductorController', true)
 5 SYSTEMPATH\CodeIgniter.php(494): CodeIgniter\CodeIgniter->startController()
 6 SYSTEMPATH\CodeIgniter.php(354): CodeIgniter\CodeIgniter->handleRequest(null, Object(Config\Cache), false)
 7 SYSTEMPATH\Boot.php(334): CodeIgniter\CodeIgniter->run()
 8 SYSTEMPATH\Boot.php(67): CodeIgniter\Boot::runCodeIgniter(Object(CodeIgniter\CodeIgniter))
 9 FCPATH\index.php(59): CodeIgniter\Boot::bootWeb(Object(Config\Paths))
ERROR - 2025-09-23 19:45:20 --> mysqli_sql_exception: You have an error in your SQL syntax; check the manual that corresponds to your MySQL server version for the right syntax to use near ')' at line 7 in C:\laragon\www\examen\system\Database\MySQLi\Connection.php:327
Stack trace:
#0 C:\laragon\www\examen\system\Database\MySQLi\Connection.php(327): mysqli->query('SELECT `e`.`exa...', 0)
#1 C:\laragon\www\examen\system\Database\BaseConnection.php(738): CodeIgniter\Database\MySQLi\Connection->execute('SELECT `e`.`exa...')
#2 C:\laragon\www\examen\system\Database\BaseConnection.php(652): CodeIgniter\Database\BaseConnection->simpleQuery('SELECT `e`.`exa...')
#3 C:\laragon\www\examen\system\Database\BaseBuilder.php(1649): CodeIgniter\Database\BaseConnection->query('SELECT `e`.`exa...', Array, false)
#4 C:\laragon\www\examen\system\Model.php(286): CodeIgniter\Database\BaseBuilder->get()
#5 C:\laragon\www\examen\system\BaseModel.php(675): CodeIgniter\Model->doFindAll(0, 0)
#6 C:\laragon\www\examen\app\Controllers\ExamenController.php(64): CodeIgniter\BaseModel->findAll()
#7 C:\laragon\www\examen\system\CodeIgniter.php(933): App\Controllers\ExamenController->disponibles()
#8 C:\laragon\www\examen\system\CodeIgniter.php(507): CodeIgniter\CodeIgniter->runController(Object(App\Controllers\ExamenController))
#9 C:\laragon\www\examen\system\CodeIgniter.php(354): CodeIgniter\CodeIgniter->handleRequest(NULL, Object(Config\Cache), false)
#10 C:\laragon\www\examen\system\Boot.php(334): CodeIgniter\CodeIgniter->run()
#11 C:\laragon\www\examen\system\Boot.php(67): CodeIgniter\Boot::runCodeIgniter(Object(CodeIgniter\CodeIgniter))
#12 C:\laragon\www\examen\public\index.php(59): CodeIgniter\Boot::bootWeb(Object(Config\Paths))
#13 {main}
ERROR - 2025-09-23 19:45:20 --> Error en ExamenController::disponibles: You have an error in your SQL syntax; check the manual that corresponds to your MySQL server version for the right syntax to use near ')' at line 7
CRITICAL - 2025-09-23 19:45:20 --> Error: Call to undefined method App\Controllers\ExamenController::respond()
[Method: GET, Route: api/examenes/disponibles]
in APPPATH\Controllers\ExamenController.php on line 74.
 1 SYSTEMPATH\CodeIgniter.php(933): App\Controllers\ExamenController->disponibles()
 2 SYSTEMPATH\CodeIgniter.php(507): CodeIgniter\CodeIgniter->runController(Object(App\Controllers\ExamenController))
 3 SYSTEMPATH\CodeIgniter.php(354): CodeIgniter\CodeIgniter->handleRequest(null, Object(Config\Cache), false)
 4 SYSTEMPATH\Boot.php(334): CodeIgniter\CodeIgniter->run()
 5 SYSTEMPATH\Boot.php(67): CodeIgniter\Boot::runCodeIgniter(Object(CodeIgniter\CodeIgniter))
 6 FCPATH\index.php(59): CodeIgniter\Boot::bootWeb(Object(Config\Paths))
ERROR - 2025-09-23 19:51:18 --> mysqli_sql_exception: You have an error in your SQL syntax; check the manual that corresponds to your MySQL server version for the right syntax to use near ')' at line 7 in C:\laragon\www\examen\system\Database\MySQLi\Connection.php:327
Stack trace:
#0 C:\laragon\www\examen\system\Database\MySQLi\Connection.php(327): mysqli->query('SELECT `e`.`exa...', 0)
#1 C:\laragon\www\examen\system\Database\BaseConnection.php(738): CodeIgniter\Database\MySQLi\Connection->execute('SELECT `e`.`exa...')
#2 C:\laragon\www\examen\system\Database\BaseConnection.php(652): CodeIgniter\Database\BaseConnection->simpleQuery('SELECT `e`.`exa...')
#3 C:\laragon\www\examen\system\Database\BaseBuilder.php(1649): CodeIgniter\Database\BaseConnection->query('SELECT `e`.`exa...', Array, false)
#4 C:\laragon\www\examen\system\Model.php(286): CodeIgniter\Database\BaseBuilder->get()
#5 C:\laragon\www\examen\system\BaseModel.php(675): CodeIgniter\Model->doFindAll(0, 0)
#6 C:\laragon\www\examen\app\Controllers\ExamenController.php(64): CodeIgniter\BaseModel->findAll()
#7 C:\laragon\www\examen\system\CodeIgniter.php(933): App\Controllers\ExamenController->disponibles()
#8 C:\laragon\www\examen\system\CodeIgniter.php(507): CodeIgniter\CodeIgniter->runController(Object(App\Controllers\ExamenController))
#9 C:\laragon\www\examen\system\CodeIgniter.php(354): CodeIgniter\CodeIgniter->handleRequest(NULL, Object(Config\Cache), false)
#10 C:\laragon\www\examen\system\Boot.php(334): CodeIgniter\CodeIgniter->run()
#11 C:\laragon\www\examen\system\Boot.php(67): CodeIgniter\Boot::runCodeIgniter(Object(CodeIgniter\CodeIgniter))
#12 C:\laragon\www\examen\public\index.php(59): CodeIgniter\Boot::bootWeb(Object(Config\Paths))
#13 {main}
ERROR - 2025-09-23 19:51:19 --> Error en ExamenController::disponibles: You have an error in your SQL syntax; check the manual that corresponds to your MySQL server version for the right syntax to use near ')' at line 7
ERROR - 2025-09-23 19:56:43 --> mysqli_sql_exception: Table 'examen.categoria_examen' doesn't exist in C:\laragon\www\examen\system\Database\MySQLi\Connection.php:327
Stack trace:
#0 C:\laragon\www\examen\system\Database\MySQLi\Connection.php(327): mysqli->query('SELECT `e`.`exa...', 0)
#1 C:\laragon\www\examen\system\Database\BaseConnection.php(738): CodeIgniter\Database\MySQLi\Connection->execute('SELECT `e`.`exa...')
#2 C:\laragon\www\examen\system\Database\BaseConnection.php(652): CodeIgniter\Database\BaseConnection->simpleQuery('SELECT `e`.`exa...')
#3 C:\laragon\www\examen\system\Database\BaseBuilder.php(1649): CodeIgniter\Database\BaseConnection->query('SELECT `e`.`exa...', Array, false)
#4 C:\laragon\www\examen\system\Model.php(286): CodeIgniter\Database\BaseBuilder->get()
#5 C:\laragon\www\examen\system\BaseModel.php(675): CodeIgniter\Model->doFindAll(0, 0)
#6 C:\laragon\www\examen\app\Controllers\ExamenController.php(69): CodeIgniter\BaseModel->findAll()
#7 C:\laragon\www\examen\system\CodeIgniter.php(933): App\Controllers\ExamenController->disponibles()
#8 C:\laragon\www\examen\system\CodeIgniter.php(507): CodeIgniter\CodeIgniter->runController(Object(App\Controllers\ExamenController))
#9 C:\laragon\www\examen\system\CodeIgniter.php(354): CodeIgniter\CodeIgniter->handleRequest(NULL, Object(Config\Cache), false)
#10 C:\laragon\www\examen\system\Boot.php(334): CodeIgniter\CodeIgniter->run()
#11 C:\laragon\www\examen\system\Boot.php(67): CodeIgniter\Boot::runCodeIgniter(Object(CodeIgniter\CodeIgniter))
#12 C:\laragon\www\examen\public\index.php(59): CodeIgniter\Boot::bootWeb(Object(Config\Paths))
#13 {main}
ERROR - 2025-09-23 19:56:43 --> Error en ExamenController::disponibles: Table 'examen.categoria_examen' doesn't exist
ERROR - 2025-09-23 20:35:47 --> mysqli_sql_exception: Unknown column 'nombre' in 'field list' in C:\laragon\www\examen\system\Database\MySQLi\Connection.php:327
Stack trace:
#0 C:\laragon\www\examen\system\Database\MySQLi\Connection.php(327): mysqli->query('SELECT `conduct...', 0)
#1 C:\laragon\www\examen\system\Database\BaseConnection.php(738): CodeIgniter\Database\MySQLi\Connection->execute('SELECT `conduct...')
#2 C:\laragon\www\examen\system\Database\BaseConnection.php(652): CodeIgniter\Database\BaseConnection->simpleQuery('SELECT `conduct...')
#3 C:\laragon\www\examen\system\Database\BaseBuilder.php(1649): CodeIgniter\Database\BaseConnection->query('SELECT `conduct...', Array, false)
#4 C:\laragon\www\examen\system\Model.php(330): CodeIgniter\Database\BaseBuilder->get()
#5 C:\laragon\www\examen\system\BaseModel.php(713): CodeIgniter\Model->doFirst()
#6 C:\laragon\www\examen\app\Controllers\AuthController.php(303): CodeIgniter\BaseModel->first()
#7 C:\laragon\www\examen\system\CodeIgniter.php(933): App\Controllers\AuthController->login()
#8 C:\laragon\www\examen\system\CodeIgniter.php(507): CodeIgniter\CodeIgniter->runController(Object(App\Controllers\AuthController))
#9 C:\laragon\www\examen\system\CodeIgniter.php(354): CodeIgniter\CodeIgniter->handleRequest(NULL, Object(Config\Cache), false)
#10 C:\laragon\www\examen\system\Boot.php(334): CodeIgniter\CodeIgniter->run()
#11 C:\laragon\www\examen\system\Boot.php(67): CodeIgniter\Boot::runCodeIgniter(Object(CodeIgniter\CodeIgniter))
#12 C:\laragon\www\examen\public\index.php(59): CodeIgniter\Boot::bootWeb(Object(Config\Paths))
#13 {main}
ERROR - 2025-09-23 21:04:16 --> mysqli_sql_exception: You have an error in your SQL syntax; check the manual that corresponds to your MySQL server version for the right syntax to use near '? 
                    AND `ea`.`examen_id` = `e`.`examen_id` 
               ' at line 9 in C:\laragon\www\examen\system\Database\MySQLi\Connection.php:327
Stack trace:
#0 C:\laragon\www\examen\system\Database\MySQLi\Connection.php(327): mysqli->query('SELECT `e`.`exa...', 0)
#1 C:\laragon\www\examen\system\Database\BaseConnection.php(738): CodeIgniter\Database\MySQLi\Connection->execute('SELECT `e`.`exa...')
#2 C:\laragon\www\examen\system\Database\BaseConnection.php(652): CodeIgniter\Database\BaseConnection->simpleQuery('SELECT `e`.`exa...')
#3 C:\laragon\www\examen\system\Database\BaseBuilder.php(1649): CodeIgniter\Database\BaseConnection->query('SELECT `e`.`exa...', Array, false)
#4 C:\laragon\www\examen\system\Model.php(286): CodeIgniter\Database\BaseBuilder->get()
#5 C:\laragon\www\examen\system\BaseModel.php(675): CodeIgniter\Model->doFindAll(0, 0)
#6 C:\laragon\www\examen\app\Controllers\ExamenController.php(75): CodeIgniter\BaseModel->findAll()
#7 C:\laragon\www\examen\system\CodeIgniter.php(933): App\Controllers\ExamenController->disponibles()
#8 C:\laragon\www\examen\system\CodeIgniter.php(507): CodeIgniter\CodeIgniter->runController(Object(App\Controllers\ExamenController))
#9 C:\laragon\www\examen\system\CodeIgniter.php(354): CodeIgniter\CodeIgniter->handleRequest(NULL, Object(Config\Cache), false)
#10 C:\laragon\www\examen\system\Boot.php(334): CodeIgniter\CodeIgniter->run()
#11 C:\laragon\www\examen\system\Boot.php(67): CodeIgniter\Boot::runCodeIgniter(Object(CodeIgniter\CodeIgniter))
#12 C:\laragon\www\examen\public\index.php(59): CodeIgniter\Boot::bootWeb(Object(Config\Paths))
#13 {main}
ERROR - 2025-09-23 21:04:16 --> Error en ExamenController::disponibles: You have an error in your SQL syntax; check the manual that corresponds to your MySQL server version for the right syntax to use near '? 
                    AND `ea`.`examen_id` = `e`.`examen_id` 
               ' at line 9
ERROR - 2025-09-23 21:04:38 --> mysqli_sql_exception: Table 'examen.categoria_examen' doesn't exist in C:\laragon\www\examen\system\Database\MySQLi\Connection.php:327
Stack trace:
#0 C:\laragon\www\examen\system\Database\MySQLi\Connection.php(327): mysqli->query('SELECT `e`.`exa...', 0)
#1 C:\laragon\www\examen\system\Database\BaseConnection.php(738): CodeIgniter\Database\MySQLi\Connection->execute('SELECT `e`.`exa...')
#2 C:\laragon\www\examen\system\Database\BaseConnection.php(652): CodeIgniter\Database\BaseConnection->simpleQuery('SELECT `e`.`exa...')
#3 C:\laragon\www\examen\system\Database\BaseBuilder.php(1649): CodeIgniter\Database\BaseConnection->query('SELECT `e`.`exa...', Array, false)
#4 C:\laragon\www\examen\system\Model.php(286): CodeIgniter\Database\BaseBuilder->get()
#5 C:\laragon\www\examen\system\BaseModel.php(675): CodeIgniter\Model->doFindAll(0, 0)
#6 C:\laragon\www\examen\app\Controllers\ExamenController.php(49): CodeIgniter\BaseModel->findAll()
#7 C:\laragon\www\examen\system\CodeIgniter.php(933): App\Controllers\ExamenController->index()
#8 C:\laragon\www\examen\system\CodeIgniter.php(507): CodeIgniter\CodeIgniter->runController(Object(App\Controllers\ExamenController))
#9 C:\laragon\www\examen\system\CodeIgniter.php(354): CodeIgniter\CodeIgniter->handleRequest(NULL, Object(Config\Cache), false)
#10 C:\laragon\www\examen\system\Boot.php(334): CodeIgniter\CodeIgniter->run()
#11 C:\laragon\www\examen\system\Boot.php(67): CodeIgniter\Boot::runCodeIgniter(Object(CodeIgniter\CodeIgniter))
#12 C:\laragon\www\examen\public\index.php(59): CodeIgniter\Boot::bootWeb(Object(Config\Paths))
#13 {main}
ERROR - 2025-09-23 21:04:38 --> Error en ExamenController::index: Table 'examen.categoria_examen' doesn't exist
ERROR - 2025-09-23 21:05:16 --> mysqli_sql_exception: Unknown column 'e.deleted_at' in 'where clause' in C:\laragon\www\examen\system\Database\MySQLi\Connection.php:327
Stack trace:
#0 C:\laragon\www\examen\system\Database\MySQLi\Connection.php(327): mysqli->query('SELECT `e`.`exa...', 0)
#1 C:\laragon\www\examen\system\Database\BaseConnection.php(738): CodeIgniter\Database\MySQLi\Connection->execute('SELECT `e`.`exa...')
#2 C:\laragon\www\examen\system\Database\BaseConnection.php(652): CodeIgniter\Database\BaseConnection->simpleQuery('SELECT `e`.`exa...')
#3 C:\laragon\www\examen\system\Database\BaseBuilder.php(1649): CodeIgniter\Database\BaseConnection->query('SELECT `e`.`exa...', Array, false)
#4 C:\laragon\www\examen\system\Model.php(286): CodeIgniter\Database\BaseBuilder->get()
#5 C:\laragon\www\examen\system\BaseModel.php(675): CodeIgniter\Model->doFindAll(0, 0)
#6 C:\laragon\www\examen\app\Controllers\ExamenController.php(49): CodeIgniter\BaseModel->findAll()
#7 C:\laragon\www\examen\system\CodeIgniter.php(933): App\Controllers\ExamenController->index()
#8 C:\laragon\www\examen\system\CodeIgniter.php(507): CodeIgniter\CodeIgniter->runController(Object(App\Controllers\ExamenController))
#9 C:\laragon\www\examen\system\CodeIgniter.php(354): CodeIgniter\CodeIgniter->handleRequest(NULL, Object(Config\Cache), false)
#10 C:\laragon\www\examen\system\Boot.php(334): CodeIgniter\CodeIgniter->run()
#11 C:\laragon\www\examen\system\Boot.php(67): CodeIgniter\Boot::runCodeIgniter(Object(CodeIgniter\CodeIgniter))
#12 C:\laragon\www\examen\public\index.php(59): CodeIgniter\Boot::bootWeb(Object(Config\Paths))
#13 {main}
ERROR - 2025-09-23 21:05:16 --> Error en ExamenController::index: Unknown column 'e.deleted_at' in 'where clause'
ERROR - 2025-09-23 21:05:31 --> mysqli_sql_exception: Unknown column 'deleted_at' in 'where clause' in C:\laragon\www\examen\system\Database\MySQLi\Connection.php:327
Stack trace:
#0 C:\laragon\www\examen\system\Database\MySQLi\Connection.php(327): mysqli->query('SELECT *\nFROM `...', 0)
#1 C:\laragon\www\examen\system\Database\BaseConnection.php(738): CodeIgniter\Database\MySQLi\Connection->execute('SELECT *\nFROM `...')
#2 C:\laragon\www\examen\system\Database\BaseConnection.php(652): CodeIgniter\Database\BaseConnection->simpleQuery('SELECT *\nFROM `...')
#3 C:\laragon\www\examen\system\Database\BaseBuilder.php(1649): CodeIgniter\Database\BaseConnection->query('SELECT *\nFROM `...', Array, false)
#4 C:\laragon\www\examen\system\Model.php(286): CodeIgniter\Database\BaseBuilder->get()
#5 C:\laragon\www\examen\system\BaseModel.php(675): CodeIgniter\Model->doFindAll(0, 0)
#6 C:\laragon\www\examen\app\Controllers\ExamenController.php(33): CodeIgniter\BaseModel->findAll()
#7 C:\laragon\www\examen\system\CodeIgniter.php(933): App\Controllers\ExamenController->index()
#8 C:\laragon\www\examen\system\CodeIgniter.php(507): CodeIgniter\CodeIgniter->runController(Object(App\Controllers\ExamenController))
#9 C:\laragon\www\examen\system\CodeIgniter.php(354): CodeIgniter\CodeIgniter->handleRequest(NULL, Object(Config\Cache), false)
#10 C:\laragon\www\examen\system\Boot.php(334): CodeIgniter\CodeIgniter->run()
#11 C:\laragon\www\examen\system\Boot.php(67): CodeIgniter\Boot::runCodeIgniter(Object(CodeIgniter\CodeIgniter))
#12 C:\laragon\www\examen\public\index.php(59): CodeIgniter\Boot::bootWeb(Object(Config\Paths))
#13 {main}
ERROR - 2025-09-23 21:05:31 --> Error en ExamenController::index: Unknown column 'deleted_at' in 'where clause'
ERROR - 2025-09-23 21:05:45 --> mysqli_sql_exception: You have an error in your SQL syntax; check the manual that corresponds to your MySQL server version for the right syntax to use near '? 
                    AND `ea`.`examen_id` = `e`.`examen_id` 
               ' at line 9 in C:\laragon\www\examen\system\Database\MySQLi\Connection.php:327
Stack trace:
#0 C:\laragon\www\examen\system\Database\MySQLi\Connection.php(327): mysqli->query('SELECT `e`.`exa...', 0)
#1 C:\laragon\www\examen\system\Database\BaseConnection.php(738): CodeIgniter\Database\MySQLi\Connection->execute('SELECT `e`.`exa...')
#2 C:\laragon\www\examen\system\Database\BaseConnection.php(652): CodeIgniter\Database\BaseConnection->simpleQuery('SELECT `e`.`exa...')
#3 C:\laragon\www\examen\system\Database\BaseBuilder.php(1649): CodeIgniter\Database\BaseConnection->query('SELECT `e`.`exa...', Array, false)
#4 C:\laragon\www\examen\system\Model.php(286): CodeIgniter\Database\BaseBuilder->get()
#5 C:\laragon\www\examen\system\BaseModel.php(675): CodeIgniter\Model->doFindAll(0, 0)
#6 C:\laragon\www\examen\app\Controllers\ExamenController.php(100): CodeIgniter\BaseModel->findAll()
#7 C:\laragon\www\examen\system\CodeIgniter.php(933): App\Controllers\ExamenController->disponibles()
#8 C:\laragon\www\examen\system\CodeIgniter.php(507): CodeIgniter\CodeIgniter->runController(Object(App\Controllers\ExamenController))
#9 C:\laragon\www\examen\system\CodeIgniter.php(354): CodeIgniter\CodeIgniter->handleRequest(NULL, Object(Config\Cache), false)
#10 C:\laragon\www\examen\system\Boot.php(334): CodeIgniter\CodeIgniter->run()
#11 C:\laragon\www\examen\system\Boot.php(67): CodeIgniter\Boot::runCodeIgniter(Object(CodeIgniter\CodeIgniter))
#12 C:\laragon\www\examen\public\index.php(59): CodeIgniter\Boot::bootWeb(Object(Config\Paths))
#13 {main}
ERROR - 2025-09-23 21:05:45 --> Error en ExamenController::disponibles: You have an error in your SQL syntax; check the manual that corresponds to your MySQL server version for the right syntax to use near '? 
                    AND `ea`.`examen_id` = `e`.`examen_id` 
               ' at line 9
