ERROR - 2025-07-15 12:09:51 --> mysqli_sql_exception: Unknown column 'categoria_id' in 'field list' in C:\laragon\www\examen\system\Database\MySQLi\Connection.php:327
Stack trace:
#0 C:\laragon\www\examen\system\Database\MySQLi\Connection.php(327): mysqli->query('SELECT `conduct...', 0)
#1 C:\laragon\www\examen\system\Database\BaseConnection.php(738): CodeIgniter\Database\MySQLi\Connection->execute('SELECT `conduct...')
#2 C:\laragon\www\examen\system\Database\BaseConnection.php(652): CodeIgniter\Database\BaseConnection->simpleQuery('SELECT `conduct...')
#3 C:\laragon\www\examen\system\Database\BaseBuilder.php(1649): CodeIgniter\Database\BaseConnection->query('SELECT `conduct...', Array, false)
#4 C:\laragon\www\examen\system\Model.php(330): CodeIgniter\Database\BaseBuilder->get()
#5 C:\laragon\www\examen\system\BaseModel.php(713): CodeIgniter\Model->doFirst()
#6 C:\laragon\www\examen\app\Controllers\AuthController.php(292): CodeIgniter\BaseModel->first()
#7 C:\laragon\www\examen\system\CodeIgniter.php(933): App\Controllers\AuthController->login()
#8 C:\laragon\www\examen\system\CodeIgniter.php(507): CodeIgniter\CodeIgniter->runController(Object(App\Controllers\AuthController))
#9 C:\laragon\www\examen\system\CodeIgniter.php(354): CodeIgniter\CodeIgniter->handleRequest(NULL, Object(Config\Cache), false)
#10 C:\laragon\www\examen\system\Boot.php(334): CodeIgniter\CodeIgniter->run()
#11 C:\laragon\www\examen\system\Boot.php(67): CodeIgniter\Boot::runCodeIgniter(Object(CodeIgniter\CodeIgniter))
#12 C:\laragon\www\examen\public\index.php(59): CodeIgniter\Boot::bootWeb(Object(Config\Paths))
#13 {main}
ERROR - 2025-07-15 12:10:32 --> mysqli_sql_exception: Unknown column 'categoria_id' in 'field list' in C:\laragon\www\examen\system\Database\MySQLi\Connection.php:327
Stack trace:
#0 C:\laragon\www\examen\system\Database\MySQLi\Connection.php(327): mysqli->query('SELECT `conduct...', 0)
#1 C:\laragon\www\examen\system\Database\BaseConnection.php(738): CodeIgniter\Database\MySQLi\Connection->execute('SELECT `conduct...')
#2 C:\laragon\www\examen\system\Database\BaseConnection.php(652): CodeIgniter\Database\BaseConnection->simpleQuery('SELECT `conduct...')
#3 C:\laragon\www\examen\system\Database\BaseBuilder.php(1649): CodeIgniter\Database\BaseConnection->query('SELECT `conduct...', Array, false)
#4 C:\laragon\www\examen\system\Model.php(330): CodeIgniter\Database\BaseBuilder->get()
#5 C:\laragon\www\examen\system\BaseModel.php(713): CodeIgniter\Model->doFirst()
#6 C:\laragon\www\examen\app\Controllers\AuthController.php(292): CodeIgniter\BaseModel->first()
#7 C:\laragon\www\examen\system\CodeIgniter.php(933): App\Controllers\AuthController->login()
#8 C:\laragon\www\examen\system\CodeIgniter.php(507): CodeIgniter\CodeIgniter->runController(Object(App\Controllers\AuthController))
#9 C:\laragon\www\examen\system\CodeIgniter.php(354): CodeIgniter\CodeIgniter->handleRequest(NULL, Object(Config\Cache), false)
#10 C:\laragon\www\examen\system\Boot.php(334): CodeIgniter\CodeIgniter->run()
#11 C:\laragon\www\examen\system\Boot.php(67): CodeIgniter\Boot::runCodeIgniter(Object(CodeIgniter\CodeIgniter))
#12 C:\laragon\www\examen\public\index.php(59): CodeIgniter\Boot::bootWeb(Object(Config\Paths))
#13 {main}
DEBUG - 2025-07-15 12:11:49 --> Estado del conductor antes de actualizar: {"conductor_id":"3","nombre":"Juan","apellido":"P\u00e9rez","dni":"12345678","estado_registro":"pendiente"}
DEBUG - 2025-07-15 12:11:49 --> Estado del conductor después de actualizar: {"conductor_id":"3","nombre":"Juan","apellido":"P\u00e9rez","dni":"12345678","estado_registro":"aprobado"}
ERROR - 2025-07-15 12:11:49 --> mysqli_sql_exception: Unknown column 'examenes.nombre' in 'field list' in C:\laragon\www\examen\system\Database\MySQLi\Connection.php:327
Stack trace:
#0 C:\laragon\www\examen\system\Database\MySQLi\Connection.php(327): mysqli->query('SELECT `examen_...', 0)
#1 C:\laragon\www\examen\system\Database\BaseConnection.php(738): CodeIgniter\Database\MySQLi\Connection->execute('SELECT `examen_...')
#2 C:\laragon\www\examen\system\Database\BaseConnection.php(652): CodeIgniter\Database\BaseConnection->simpleQuery('SELECT `examen_...')
#3 C:\laragon\www\examen\system\Database\BaseBuilder.php(1649): CodeIgniter\Database\BaseConnection->query('SELECT `examen_...', Array, false)
#4 C:\laragon\www\examen\system\Model.php(286): CodeIgniter\Database\BaseBuilder->get()
#5 C:\laragon\www\examen\system\BaseModel.php(675): CodeIgniter\Model->doFindAll(0, 0)
#6 C:\laragon\www\examen\app\Controllers\AuthController.php(322): CodeIgniter\BaseModel->findAll()
#7 C:\laragon\www\examen\system\CodeIgniter.php(933): App\Controllers\AuthController->login()
#8 C:\laragon\www\examen\system\CodeIgniter.php(507): CodeIgniter\CodeIgniter->runController(Object(App\Controllers\AuthController))
#9 C:\laragon\www\examen\system\CodeIgniter.php(354): CodeIgniter\CodeIgniter->handleRequest(NULL, Object(Config\Cache), false)
#10 C:\laragon\www\examen\system\Boot.php(334): CodeIgniter\CodeIgniter->run()
#11 C:\laragon\www\examen\system\Boot.php(67): CodeIgniter\Boot::runCodeIgniter(Object(CodeIgniter\CodeIgniter))
#12 C:\laragon\www\examen\public\index.php(59): CodeIgniter\Boot::bootWeb(Object(Config\Paths))
#13 {main}
DEBUG - 2025-07-15 12:12:56 --> Estado del conductor antes de actualizar: {"conductor_id":"3","nombre":"Juan","apellido":"P\u00e9rez","dni":"12345678","estado_registro":"aprobado"}
DEBUG - 2025-07-15 12:12:57 --> Estado del conductor después de actualizar: {"conductor_id":"3","nombre":"Juan","apellido":"P\u00e9rez","dni":"12345678","estado_registro":"aprobado"}
ERROR - 2025-07-15 12:12:57 --> mysqli_sql_exception: Unknown column 'examen_conductor.deleted_at' in 'where clause' in C:\laragon\www\examen\system\Database\MySQLi\Connection.php:327
Stack trace:
#0 C:\laragon\www\examen\system\Database\MySQLi\Connection.php(327): mysqli->query('SELECT `examen_...', 0)
#1 C:\laragon\www\examen\system\Database\BaseConnection.php(738): CodeIgniter\Database\MySQLi\Connection->execute('SELECT `examen_...')
#2 C:\laragon\www\examen\system\Database\BaseConnection.php(652): CodeIgniter\Database\BaseConnection->simpleQuery('SELECT `examen_...')
#3 C:\laragon\www\examen\system\Database\BaseBuilder.php(1649): CodeIgniter\Database\BaseConnection->query('SELECT `examen_...', Array, false)
#4 C:\laragon\www\examen\system\Model.php(286): CodeIgniter\Database\BaseBuilder->get()
#5 C:\laragon\www\examen\system\BaseModel.php(675): CodeIgniter\Model->doFindAll(0, 0)
#6 C:\laragon\www\examen\app\Controllers\AuthController.php(322): CodeIgniter\BaseModel->findAll()
#7 C:\laragon\www\examen\system\CodeIgniter.php(933): App\Controllers\AuthController->login()
#8 C:\laragon\www\examen\system\CodeIgniter.php(507): CodeIgniter\CodeIgniter->runController(Object(App\Controllers\AuthController))
#9 C:\laragon\www\examen\system\CodeIgniter.php(354): CodeIgniter\CodeIgniter->handleRequest(NULL, Object(Config\Cache), false)
#10 C:\laragon\www\examen\system\Boot.php(334): CodeIgniter\CodeIgniter->run()
#11 C:\laragon\www\examen\system\Boot.php(67): CodeIgniter\Boot::runCodeIgniter(Object(CodeIgniter\CodeIgniter))
#12 C:\laragon\www\examen\public\index.php(59): CodeIgniter\Boot::bootWeb(Object(Config\Paths))
#13 {main}
DEBUG - 2025-07-15 12:13:24 --> Estado del conductor antes de actualizar: {"conductor_id":"3","nombre":"Juan","apellido":"P\u00e9rez","dni":"12345678","estado_registro":"aprobado"}
DEBUG - 2025-07-15 12:13:24 --> Estado del conductor después de actualizar: {"conductor_id":"3","nombre":"Juan","apellido":"P\u00e9rez","dni":"12345678","estado_registro":"aprobado"}
DEBUG - 2025-07-15 12:13:47 --> Estado del conductor antes de actualizar: {"conductor_id":"3","nombre":"Juan","apellido":"P\u00e9rez","dni":"12345678","estado_registro":"aprobado"}
DEBUG - 2025-07-15 12:13:47 --> Estado del conductor después de actualizar: {"conductor_id":"3","nombre":"Juan","apellido":"P\u00e9rez","dni":"12345678","estado_registro":"aprobado"}
DEBUG - 2025-07-15 13:46:21 --> Estado del conductor antes de actualizar: {"conductor_id":"3","nombre":"Juan","apellido":"P\u00e9rez","dni":"12345678","estado_registro":"aprobado"}
DEBUG - 2025-07-15 13:46:21 --> Estado del conductor después de actualizar: {"conductor_id":"3","nombre":"Juan","apellido":"P\u00e9rez","dni":"12345678","estado_registro":"aprobado"}
ERROR - 2025-07-15 16:42:29 --> mysqli_sql_exception: Table 'examen_conductor' already exists in C:\laragon\www\examen\system\Database\MySQLi\Connection.php:327
Stack trace:
#0 C:\laragon\www\examen\system\Database\MySQLi\Connection.php(327): mysqli->query('CREATE TABLE `e...', 0)
#1 C:\laragon\www\examen\system\Database\BaseConnection.php(738): CodeIgniter\Database\MySQLi\Connection->execute('CREATE TABLE `e...')
#2 C:\laragon\www\examen\system\Database\BaseConnection.php(652): CodeIgniter\Database\BaseConnection->simpleQuery('CREATE TABLE `e...')
#3 C:\laragon\www\examen\system\Database\Forge.php(570): CodeIgniter\Database\BaseConnection->query('CREATE TABLE `e...')
#4 C:\laragon\www\examen\app\Database\Migrations\2024-04-21-000014_CreateExamenConductorTable.php(74): CodeIgniter\Database\Forge->createTable('examen_conducto...')
#5 C:\laragon\www\examen\system\Database\MigrationRunner.php(866): App\Database\Migrations\CreateExamenConductorTable->up()
#6 C:\laragon\www\examen\system\Database\MigrationRunner.php(182): CodeIgniter\Database\MigrationRunner->migrate('up', Object(stdClass))
#7 C:\laragon\www\examen\system\Commands\Database\Migrate.php(85): CodeIgniter\Database\MigrationRunner->latest(NULL)
#8 C:\laragon\www\examen\system\CLI\Commands.php(70): CodeIgniter\Commands\Database\Migrate->run(Array)
#9 C:\laragon\www\examen\system\CLI\Console.php(48): CodeIgniter\CLI\Commands->run('migrate', Array)
#10 C:\laragon\www\examen\system\Boot.php(360): CodeIgniter\CLI\Console->run()
#11 C:\laragon\www\examen\system\Boot.php(104): CodeIgniter\Boot::runCommand(Object(CodeIgniter\CLI\Console))
#12 C:\laragon\www\examen\spark(84): CodeIgniter\Boot::bootSpark(Object(Config\Paths))
#13 {main}
ERROR - 2025-07-15 16:45:36 --> mysqli_sql_exception: Table 'examen_conductor' already exists in C:\laragon\www\examen\system\Database\MySQLi\Connection.php:327
Stack trace:
#0 C:\laragon\www\examen\system\Database\MySQLi\Connection.php(327): mysqli->query('CREATE TABLE `e...', 0)
#1 C:\laragon\www\examen\system\Database\BaseConnection.php(738): CodeIgniter\Database\MySQLi\Connection->execute('CREATE TABLE `e...')
#2 C:\laragon\www\examen\system\Database\BaseConnection.php(652): CodeIgniter\Database\BaseConnection->simpleQuery('CREATE TABLE `e...')
#3 C:\laragon\www\examen\system\Database\Forge.php(570): CodeIgniter\Database\BaseConnection->query('CREATE TABLE `e...')
#4 C:\laragon\www\examen\app\Database\Migrations\2024-04-21-000014_CreateExamenConductorTable.php(74): CodeIgniter\Database\Forge->createTable('examen_conducto...')
#5 C:\laragon\www\examen\system\Database\MigrationRunner.php(866): App\Database\Migrations\CreateExamenConductorTable->up()
#6 C:\laragon\www\examen\system\Database\MigrationRunner.php(182): CodeIgniter\Database\MigrationRunner->migrate('up', Object(stdClass))
#7 C:\laragon\www\examen\system\Commands\Database\Migrate.php(85): CodeIgniter\Database\MigrationRunner->latest(NULL)
#8 C:\laragon\www\examen\system\CLI\Commands.php(70): CodeIgniter\Commands\Database\Migrate->run(Array)
#9 C:\laragon\www\examen\system\CLI\Console.php(48): CodeIgniter\CLI\Commands->run('migrate', Array)
#10 C:\laragon\www\examen\system\Boot.php(360): CodeIgniter\CLI\Console->run()
#11 C:\laragon\www\examen\system\Boot.php(104): CodeIgniter\Boot::runCommand(Object(CodeIgniter\CLI\Console))
#12 C:\laragon\www\examen\spark(84): CodeIgniter\Boot::bootSpark(Object(Config\Paths))
#13 {main}
ERROR - 2025-07-15 16:45:52 --> mysqli_sql_exception: Table 'examen_conductor' already exists in C:\laragon\www\examen\system\Database\MySQLi\Connection.php:327
Stack trace:
#0 C:\laragon\www\examen\system\Database\MySQLi\Connection.php(327): mysqli->query('CREATE TABLE `e...', 0)
#1 C:\laragon\www\examen\system\Database\BaseConnection.php(738): CodeIgniter\Database\MySQLi\Connection->execute('CREATE TABLE `e...')
#2 C:\laragon\www\examen\system\Database\BaseConnection.php(652): CodeIgniter\Database\BaseConnection->simpleQuery('CREATE TABLE `e...')
#3 C:\laragon\www\examen\system\Database\Forge.php(570): CodeIgniter\Database\BaseConnection->query('CREATE TABLE `e...')
#4 C:\laragon\www\examen\app\Database\Migrations\2024-04-21-000014_CreateExamenConductorTable.php(74): CodeIgniter\Database\Forge->createTable('examen_conducto...')
#5 C:\laragon\www\examen\system\Database\MigrationRunner.php(866): App\Database\Migrations\CreateExamenConductorTable->up()
#6 C:\laragon\www\examen\system\Database\MigrationRunner.php(182): CodeIgniter\Database\MigrationRunner->migrate('up', Object(stdClass))
#7 C:\laragon\www\examen\system\Commands\Database\Migrate.php(85): CodeIgniter\Database\MigrationRunner->latest(NULL)
#8 C:\laragon\www\examen\system\CLI\Commands.php(70): CodeIgniter\Commands\Database\Migrate->run(Array)
#9 C:\laragon\www\examen\system\CLI\Console.php(48): CodeIgniter\CLI\Commands->run('migrate', Array)
#10 C:\laragon\www\examen\system\Boot.php(360): CodeIgniter\CLI\Console->run()
#11 C:\laragon\www\examen\system\Boot.php(104): CodeIgniter\Boot::runCommand(Object(CodeIgniter\CLI\Console))
#12 C:\laragon\www\examen\spark(84): CodeIgniter\Boot::bootSpark(Object(Config\Paths))
#13 {main}
